<?xml version="1.0" encoding="UTF-8"?>
<testsuite name="SimpleBankSystemTest" tests="1" skipped="0" failures="0" errors="0" timestamp="2021-05-18T08:53:17" hostname="MacBook-Air-Andrej.local" time="9.945">
  <properties/>
  <testcase name="start" classname="SimpleBankSystemTest" time="9.945"/>
  <system-out><![CDATA[?[1;31m
Start test 1?[0m
1. Create an account
2. Log into account
0. Exit

> 0

Bye!
?[1;31m
Start test 2?[0m
1. Create an account
2. Log into account
0. Exit

> 0

Bye!
?[1;31m
Start test 3?[0m
1. Create an account
2. Log into account
0. Exit

> 0

Bye!
?[1;31m
Start test 4?[0m
1. Create an account
2. Log into account
0. Exit

> 0

Bye!
?[1;31m
Start test 5?[0m
1. Create an account
2. Log into account
0. Exit

> 1

Your card has been created
Your card number:
4000000000000002
Your card PIN:
8031

1. Create an account
2. Log into account
0. Exit

> 1

Your card has been created
Your card number:
4000000000000010
Your card PIN:
2662

1. Create an account
2. Log into account
0. Exit

> 1

Your card has been created
Your card number:
4000000000000028
Your card PIN:
6419

1. Create an account
2. Log into account
0. Exit

> 1

Your card has been created
Your card number:
4000000000000036
Your card PIN:
3171

1. Create an account
2. Log into account
0. Exit

> 1

Your card has been created
Your card number:
4000000000000044
Your card PIN:
8231

1. Create an account
2. Log into account
0. Exit

> 0

Bye!
4000000000000000
4000000000000002
4000000000000010
4000000000000028
4000000000000036
4000000000000044
?[1;31m
Start test 6?[0m
1. Create an account
2. Log into account
0. Exit

> 1

Your card has been created
Your card number:
4000000000000051
Your card PIN:
5039

1. Create an account
2. Log into account
0. Exit

> 2

Enter your card number:
> 4000000000000051
Enter your PIN:
> 5039

You have successfully logged in!

1. Balance
2. Add income
3. Do transfer
4. Close account
5. Log out
0. Exit

> 0

Bye!
?[1;31m
Start test 7?[0m
1. Create an account
2. Log into account
0. Exit

> 1

Your card has been created
Your card number:
4000000000000069
Your card PIN:
2404

1. Create an account
2. Log into account
0. Exit

> 2

Enter your card number:
> 4000000000000069
Enter your PIN:
> 4842

Wrong card number or PIN!

1. Create an account
2. Log into account
0. Exit

> 0

Bye!
?[1;31m
Start test 8?[0m
1. Create an account
2. Log into account
0. Exit

> 1

Your card has been created
Your card number:
4000000000000077
Your card PIN:
4787

1. Create an account
2. Log into account
0. Exit

> 2

Enter your card number:
> 400000135522188
Enter your PIN:
> 4787

Wrong card number or PIN!

1. Create an account
2. Log into account
0. Exit

> 0

Bye!
?[1;31m
Start test 9?[0m
1. Create an account
2. Log into account
0. Exit

> 1

Your card has been created
Your card number:
4000000000000085
Your card PIN:
1643

1. Create an account
2. Log into account
0. Exit

> 2

Enter your card number:
> 4000000000000085
Enter your PIN:
> 1643

You have successfully logged in!

1. Balance
2. Add income
3. Do transfer
4. Close account
5. Log out
0. Exit

> 1

Balance: 0

1. Balance
2. Add income
3. Do transfer
4. Close account
5. Log out
0. Exit

> 0

Bye!
?[1;31m
Start test 10?[0m
1. Create an account
2. Log into account
0. Exit

> 1

Your card has been created
Your card number:
4000000000000002
Your card PIN:
1769

1. Create an account
2. Log into account
0. Exit

> 2

Enter your card number:
> 4000000000000002
Enter your PIN:
> 1769

You have successfully logged in!

1. Balance
2. Add income
3. Do transfer
4. Close account
5. Log out
0. Exit

> 2

Enter income:
> 10000
Income was added!

1. Balance
2. Add income
3. Do transfer
4. Close account
5. Log out
0. Exit

> 0

Bye!
1. Create an account
2. Log into account
0. Exit

> 2

Enter your card number:
> 4000000000000002
Enter your PIN:
> 1769

You have successfully logged in!

1. Balance
2. Add income
3. Do transfer
4. Close account
5. Log out
0. Exit

> 2

Enter income:
> 15000
Income was added!

1. Balance
2. Add income
3. Do transfer
4. Close account
5. Log out
0. Exit

> 0

Bye!
?[1;31m
Start test 11?[0m
1. Create an account
2. Log into account
0. Exit

> 1

Your card has been created
Your card number:
4000000000000002
Your card PIN:
2464

1. Create an account
2. Log into account
0. Exit

> 1

Your card has been created
Your card number:
4000000000000010
Your card PIN:
1919

1. Create an account
2. Log into account
0. Exit

> 2

Enter your card number:
> 4000000000000010
Enter your PIN:
> 1919

You have successfully logged in!

1. Balance
2. Add income
3. Do transfer
4. Close account
5. Log out
0. Exit

> 3

Transfer
Enter card number:
> 2000007269641764
Probably you made a mistake in the card number. Please try again!

1. Balance
2. Add income
3. Do transfer
4. Close account
5. Log out
0. Exit

> 3

Transfer
Enter card number:
> 2000007269641768
Such a card does not exist.

1. Balance
2. Add income
3. Do transfer
4. Close account
5. Log out
0. Exit

> 3

Transfer
Enter card number:
> 4000000000000002
Enter how much money you want to transfer:
> 100000
Not enough money!

1. Balance
2. Add income
3. Do transfer
4. Close account
5. Log out
0. Exit

> 2

Enter income:
> 20000
Income was added!

1. Balance
2. Add income
3. Do transfer
4. Close account
5. Log out
0. Exit

> 3

Transfer
Enter card number:
> 4000000000000002
Enter how much money you want to transfer:
> 10000
Success!

1. Balance
2. Add income
3. Do transfer
4. Close account
5. Log out
0. Exit

> 0

Bye!
?[1;31m
Start test 12?[0m
1. Create an account
2. Log into account
0. Exit

> 1

Your card has been created
Your card number:
4000000000000002
Your card PIN:
0497

1. Create an account
2. Log into account
0. Exit

> 2

Enter your card number:
> 4000000000000002
Enter your PIN:
> 0497

You have successfully logged in!

1. Balance
2. Add income
3. Do transfer
4. Close account
5. Log out
0. Exit

> 4

The account has been closed!

1. Balance
2. Add income
3. Do transfer
4. Close account
5. Log out
0. Exit

> 0

Bye!
]]></system-out>
  <system-err><![CDATA[java.sql.SQLException: ResultSet closed
	at org.sqlite.core.CoreResultSet.checkOpen(CoreResultSet.java:69)
	at org.sqlite.jdbc3.JDBC3ResultSet.findColumn(JDBC3ResultSet.java:38)
	at org.sqlite.jdbc3.JDBC3ResultSet.getString(JDBC3ResultSet.java:437)
	at banking.CardStore.checkIfRecordExistInDataBase(CardStore.java:211)
	at banking.CardStore.checkOrCreateCardTable(CardStore.java:137)
	at banking.BankSystem.<init>(BankSystem.java:19)
	at banking.Main.run(Main.java:11)
	at banking.Main.main(Main.java:6)
	at java.base/jdk.internal.reflect.NativeMethodAccessorImpl.invoke0(Native Method)
	at java.base/jdk.internal.reflect.NativeMethodAccessorImpl.invoke(NativeMethodAccessorImpl.java:62)
	at java.base/jdk.internal.reflect.DelegatingMethodAccessorImpl.invoke(DelegatingMethodAccessorImpl.java:43)
	at java.base/java.lang.reflect.Method.invoke(Method.java:566)
	at org.hyperskill.hstest.testing.execution.MainMethodExecutor.invokeMain(MainMethodExecutor.java:154)
	at org.hyperskill.hstest.testing.execution.MainMethodExecutor.lambda$launch$0(MainMethodExecutor.java:180)
	at java.base/java.util.concurrent.Executors$RunnableAdapter.call(Executors.java:515)
	at java.base/java.util.concurrent.FutureTask.run(FutureTask.java:264)
	at java.base/java.util.concurrent.ThreadPoolExecutor.runWorker(ThreadPoolExecutor.java:1128)
	at java.base/java.util.concurrent.ThreadPoolExecutor$Worker.run(ThreadPoolExecutor.java:628)
	at java.base/java.lang.Thread.run(Thread.java:834)
java.sql.SQLException: ResultSet closed
	at org.sqlite.core.CoreResultSet.checkOpen(CoreResultSet.java:69)
	at org.sqlite.jdbc3.JDBC3ResultSet.findColumn(JDBC3ResultSet.java:38)
	at org.sqlite.jdbc3.JDBC3ResultSet.getString(JDBC3ResultSet.java:437)
	at banking.CardStore.checkIfRecordExistInDataBase(CardStore.java:211)
	at banking.BankSystem.isCardNumberUnique(BankSystem.java:111)
	at banking.BankSystem.incrementCardNumber(BankSystem.java:72)
	at banking.BankSystem.generateCardNumber(BankSystem.java:42)
	at banking.BankSystem.createAccount(BankSystem.java:29)
	at banking.UserController.onAccountCreateButtonClick(UserController.java:67)
	at banking.UserController.runMainMenu(UserController.java:21)
	at banking.Main.run(Main.java:15)
	at banking.Main.main(Main.java:6)
	at java.base/jdk.internal.reflect.NativeMethodAccessorImpl.invoke0(Native Method)
	at java.base/jdk.internal.reflect.NativeMethodAccessorImpl.invoke(NativeMethodAccessorImpl.java:62)
	at java.base/jdk.internal.reflect.DelegatingMethodAccessorImpl.invoke(DelegatingMethodAccessorImpl.java:43)
	at java.base/java.lang.reflect.Method.invoke(Method.java:566)
	at org.hyperskill.hstest.testing.execution.MainMethodExecutor.invokeMain(MainMethodExecutor.java:154)
	at org.hyperskill.hstest.testing.execution.MainMethodExecutor.lambda$launch$0(MainMethodExecutor.java:180)
	at java.base/java.util.concurrent.Executors$RunnableAdapter.call(Executors.java:515)
	at java.base/java.util.concurrent.FutureTask.run(FutureTask.java:264)
	at java.base/java.util.concurrent.ThreadPoolExecutor.runWorker(ThreadPoolExecutor.java:1128)
	at java.base/java.util.concurrent.ThreadPoolExecutor$Worker.run(ThreadPoolExecutor.java:628)
	at java.base/java.lang.Thread.run(Thread.java:834)
java.sql.SQLException: ResultSet closed
	at org.sqlite.core.CoreResultSet.checkOpen(CoreResultSet.java:69)
	at org.sqlite.jdbc3.JDBC3ResultSet.findColumn(JDBC3ResultSet.java:38)
	at org.sqlite.jdbc3.JDBC3ResultSet.getString(JDBC3ResultSet.java:437)
	at banking.CardStore.checkIfRecordExistInDataBase(CardStore.java:211)
	at banking.BankSystem.isCardNumberUnique(BankSystem.java:111)
	at banking.BankSystem.incrementCardNumber(BankSystem.java:72)
	at banking.BankSystem.incrementCardNumber(BankSystem.java:75)
	at banking.BankSystem.generateCardNumber(BankSystem.java:42)
	at banking.BankSystem.createAccount(BankSystem.java:29)
	at banking.UserController.onAccountCreateButtonClick(UserController.java:67)
	at banking.UserController.runMainMenu(UserController.java:21)
	at banking.Main.run(Main.java:15)
	at banking.Main.main(Main.java:6)
	at java.base/jdk.internal.reflect.NativeMethodAccessorImpl.invoke0(Native Method)
	at java.base/jdk.internal.reflect.NativeMethodAccessorImpl.invoke(NativeMethodAccessorImpl.java:62)
	at java.base/jdk.internal.reflect.DelegatingMethodAccessorImpl.invoke(DelegatingMethodAccessorImpl.java:43)
	at java.base/java.lang.reflect.Method.invoke(Method.java:566)
	at org.hyperskill.hstest.testing.execution.MainMethodExecutor.invokeMain(MainMethodExecutor.java:154)
	at org.hyperskill.hstest.testing.execution.MainMethodExecutor.lambda$launch$0(MainMethodExecutor.java:180)
	at java.base/java.util.concurrent.Executors$RunnableAdapter.call(Executors.java:515)
	at java.base/java.util.concurrent.FutureTask.run(FutureTask.java:264)
	at java.base/java.util.concurrent.ThreadPoolExecutor.runWorker(ThreadPoolExecutor.java:1128)
	at java.base/java.util.concurrent.ThreadPoolExecutor$Worker.run(ThreadPoolExecutor.java:628)
	at java.base/java.lang.Thread.run(Thread.java:834)
java.sql.SQLException: ResultSet closed
	at org.sqlite.core.CoreResultSet.checkOpen(CoreResultSet.java:69)
	at org.sqlite.jdbc3.JDBC3ResultSet.findColumn(JDBC3ResultSet.java:38)
	at org.sqlite.jdbc3.JDBC3ResultSet.getString(JDBC3ResultSet.java:437)
	at banking.CardStore.checkIfRecordExistInDataBase(CardStore.java:211)
	at banking.BankSystem.isCardNumberUnique(BankSystem.java:111)
	at banking.BankSystem.incrementCardNumber(BankSystem.java:72)
	at banking.BankSystem.generateCardNumber(BankSystem.java:42)
	at banking.BankSystem.createAccount(BankSystem.java:29)
	at banking.UserController.onAccountCreateButtonClick(UserController.java:67)
	at banking.UserController.runMainMenu(UserController.java:21)
	at banking.Main.run(Main.java:15)
	at banking.Main.main(Main.java:6)
	at java.base/jdk.internal.reflect.NativeMethodAccessorImpl.invoke0(Native Method)
	at java.base/jdk.internal.reflect.NativeMethodAccessorImpl.invoke(NativeMethodAccessorImpl.java:62)
	at java.base/jdk.internal.reflect.DelegatingMethodAccessorImpl.invoke(DelegatingMethodAccessorImpl.java:43)
	at java.base/java.lang.reflect.Method.invoke(Method.java:566)
	at org.hyperskill.hstest.testing.execution.MainMethodExecutor.invokeMain(MainMethodExecutor.java:154)
	at org.hyperskill.hstest.testing.execution.MainMethodExecutor.lambda$launch$0(MainMethodExecutor.java:180)
	at java.base/java.util.concurrent.Executors$RunnableAdapter.call(Executors.java:515)
	at java.base/java.util.concurrent.FutureTask.run(FutureTask.java:264)
	at java.base/java.util.concurrent.ThreadPoolExecutor.runWorker(ThreadPoolExecutor.java:1128)
	at java.base/java.util.concurrent.ThreadPoolExecutor$Worker.run(ThreadPoolExecutor.java:628)
	at java.base/java.lang.Thread.run(Thread.java:834)
java.sql.SQLException: ResultSet closed
	at org.sqlite.core.CoreResultSet.checkOpen(CoreResultSet.java:69)
	at org.sqlite.jdbc3.JDBC3ResultSet.findColumn(JDBC3ResultSet.java:38)
	at org.sqlite.jdbc3.JDBC3ResultSet.getString(JDBC3ResultSet.java:437)
	at banking.CardStore.checkIfRecordExistInDataBase(CardStore.java:211)
	at banking.BankSystem.isCardNumberUnique(BankSystem.java:111)
	at banking.BankSystem.incrementCardNumber(BankSystem.java:72)
	at banking.BankSystem.incrementCardNumber(BankSystem.java:75)
	at banking.BankSystem.generateCardNumber(BankSystem.java:42)
	at banking.BankSystem.createAccount(BankSystem.java:29)
	at banking.UserController.onAccountCreateButtonClick(UserController.java:67)
	at banking.UserController.runMainMenu(UserController.java:21)
	at banking.Main.run(Main.java:15)
	at banking.Main.main(Main.java:6)
	at java.base/jdk.internal.reflect.NativeMethodAccessorImpl.invoke0(Native Method)
	at java.base/jdk.internal.reflect.NativeMethodAccessorImpl.invoke(NativeMethodAccessorImpl.java:62)
	at java.base/jdk.internal.reflect.DelegatingMethodAccessorImpl.invoke(DelegatingMethodAccessorImpl.java:43)
	at java.base/java.lang.reflect.Method.invoke(Method.java:566)
	at org.hyperskill.hstest.testing.execution.MainMethodExecutor.invokeMain(MainMethodExecutor.java:154)
	at org.hyperskill.hstest.testing.execution.MainMethodExecutor.lambda$launch$0(MainMethodExecutor.java:180)
	at java.base/java.util.concurrent.Executors$RunnableAdapter.call(Executors.java:515)
	at java.base/java.util.concurrent.FutureTask.run(FutureTask.java:264)
	at java.base/java.util.concurrent.ThreadPoolExecutor.runWorker(ThreadPoolExecutor.java:1128)
	at java.base/java.util.concurrent.ThreadPoolExecutor$Worker.run(ThreadPoolExecutor.java:628)
	at java.base/java.lang.Thread.run(Thread.java:834)
java.sql.SQLException: ResultSet closed
	at org.sqlite.core.CoreResultSet.checkOpen(CoreResultSet.java:69)
	at org.sqlite.jdbc3.JDBC3ResultSet.findColumn(JDBC3ResultSet.java:38)
	at org.sqlite.jdbc3.JDBC3ResultSet.getString(JDBC3ResultSet.java:437)
	at banking.CardStore.checkIfRecordExistInDataBase(CardStore.java:211)
	at banking.BankSystem.isCardNumberUnique(BankSystem.java:111)
	at banking.BankSystem.incrementCardNumber(BankSystem.java:72)
	at banking.BankSystem.incrementCardNumber(BankSystem.java:75)
	at banking.BankSystem.incrementCardNumber(BankSystem.java:75)
	at banking.BankSystem.generateCardNumber(BankSystem.java:42)
	at banking.BankSystem.createAccount(BankSystem.java:29)
	at banking.UserController.onAccountCreateButtonClick(UserController.java:67)
	at banking.UserController.runMainMenu(UserController.java:21)
	at banking.Main.run(Main.java:15)
	at banking.Main.main(Main.java:6)
	at java.base/jdk.internal.reflect.NativeMethodAccessorImpl.invoke0(Native Method)
	at java.base/jdk.internal.reflect.NativeMethodAccessorImpl.invoke(NativeMethodAccessorImpl.java:62)
	at java.base/jdk.internal.reflect.DelegatingMethodAccessorImpl.invoke(DelegatingMethodAccessorImpl.java:43)
	at java.base/java.lang.reflect.Method.invoke(Method.java:566)
	at org.hyperskill.hstest.testing.execution.MainMethodExecutor.invokeMain(MainMethodExecutor.java:154)
	at org.hyperskill.hstest.testing.execution.MainMethodExecutor.lambda$launch$0(MainMethodExecutor.java:180)
	at java.base/java.util.concurrent.Executors$RunnableAdapter.call(Executors.java:515)
	at java.base/java.util.concurrent.FutureTask.run(FutureTask.java:264)
	at java.base/java.util.concurrent.ThreadPoolExecutor.runWorker(ThreadPoolExecutor.java:1128)
	at java.base/java.util.concurrent.ThreadPoolExecutor$Worker.run(ThreadPoolExecutor.java:628)
	at java.base/java.lang.Thread.run(Thread.java:834)
java.sql.SQLException: ResultSet closed
	at org.sqlite.core.CoreResultSet.checkOpen(CoreResultSet.java:69)
	at org.sqlite.jdbc3.JDBC3ResultSet.findColumn(JDBC3ResultSet.java:38)
	at org.sqlite.jdbc3.JDBC3ResultSet.getString(JDBC3ResultSet.java:437)
	at banking.CardStore.checkIfRecordExistInDataBase(CardStore.java:211)
	at banking.BankSystem.isCardNumberUnique(BankSystem.java:111)
	at banking.BankSystem.incrementCardNumber(BankSystem.java:72)
	at banking.BankSystem.incrementCardNumber(BankSystem.java:75)
	at banking.BankSystem.incrementCardNumber(BankSystem.java:75)
	at banking.BankSystem.incrementCardNumber(BankSystem.java:75)
	at banking.BankSystem.generateCardNumber(BankSystem.java:42)
	at banking.BankSystem.createAccount(BankSystem.java:29)
	at banking.UserController.onAccountCreateButtonClick(UserController.java:67)
	at banking.UserController.runMainMenu(UserController.java:21)
	at banking.Main.run(Main.java:15)
	at banking.Main.main(Main.java:6)
	at java.base/jdk.internal.reflect.NativeMethodAccessorImpl.invoke0(Native Method)
	at java.base/jdk.internal.reflect.NativeMethodAccessorImpl.invoke(NativeMethodAccessorImpl.java:62)
	at java.base/jdk.internal.reflect.DelegatingMethodAccessorImpl.invoke(DelegatingMethodAccessorImpl.java:43)
	at java.base/java.lang.reflect.Method.invoke(Method.java:566)
	at org.hyperskill.hstest.testing.execution.MainMethodExecutor.invokeMain(MainMethodExecutor.java:154)
	at org.hyperskill.hstest.testing.execution.MainMethodExecutor.lambda$launch$0(MainMethodExecutor.java:180)
	at java.base/java.util.concurrent.Executors$RunnableAdapter.call(Executors.java:515)
	at java.base/java.util.concurrent.FutureTask.run(FutureTask.java:264)
	at java.base/java.util.concurrent.ThreadPoolExecutor.runWorker(ThreadPoolExecutor.java:1128)
	at java.base/java.util.concurrent.ThreadPoolExecutor$Worker.run(ThreadPoolExecutor.java:628)
	at java.base/java.lang.Thread.run(Thread.java:834)
java.sql.SQLException: ResultSet closed
	at org.sqlite.core.CoreResultSet.checkOpen(CoreResultSet.java:69)
	at org.sqlite.jdbc3.JDBC3ResultSet.findColumn(JDBC3ResultSet.java:38)
	at org.sqlite.jdbc3.JDBC3ResultSet.getString(JDBC3ResultSet.java:437)
	at banking.CardStore.checkIfRecordExistInDataBase(CardStore.java:211)
	at banking.BankSystem.isCardNumberUnique(BankSystem.java:111)
	at banking.BankSystem.incrementCardNumber(BankSystem.java:72)
	at banking.BankSystem.incrementCardNumber(BankSystem.java:75)
	at banking.BankSystem.incrementCardNumber(BankSystem.java:75)
	at banking.BankSystem.incrementCardNumber(BankSystem.java:75)
	at banking.BankSystem.incrementCardNumber(BankSystem.java:75)
	at banking.BankSystem.generateCardNumber(BankSystem.java:42)
	at banking.BankSystem.createAccount(BankSystem.java:29)
	at banking.UserController.onAccountCreateButtonClick(UserController.java:67)
	at banking.UserController.runMainMenu(UserController.java:21)
	at banking.Main.run(Main.java:15)
	at banking.Main.main(Main.java:6)
	at java.base/jdk.internal.reflect.NativeMethodAccessorImpl.invoke0(Native Method)
	at java.base/jdk.internal.reflect.NativeMethodAccessorImpl.invoke(NativeMethodAccessorImpl.java:62)
	at java.base/jdk.internal.reflect.DelegatingMethodAccessorImpl.invoke(DelegatingMethodAccessorImpl.java:43)
	at java.base/java.lang.reflect.Method.invoke(Method.java:566)
	at org.hyperskill.hstest.testing.execution.MainMethodExecutor.invokeMain(MainMethodExecutor.java:154)
	at org.hyperskill.hstest.testing.execution.MainMethodExecutor.lambda$launch$0(MainMethodExecutor.java:180)
	at java.base/java.util.concurrent.Executors$RunnableAdapter.call(Executors.java:515)
	at java.base/java.util.concurrent.FutureTask.run(FutureTask.java:264)
	at java.base/java.util.concurrent.ThreadPoolExecutor.runWorker(ThreadPoolExecutor.java:1128)
	at java.base/java.util.concurrent.ThreadPoolExecutor$Worker.run(ThreadPoolExecutor.java:628)
	at java.base/java.lang.Thread.run(Thread.java:834)
java.sql.SQLException: ResultSet closed
	at org.sqlite.core.CoreResultSet.checkOpen(CoreResultSet.java:69)
	at org.sqlite.jdbc3.JDBC3ResultSet.findColumn(JDBC3ResultSet.java:38)
	at org.sqlite.jdbc3.JDBC3ResultSet.getString(JDBC3ResultSet.java:437)
	at banking.CardStore.checkIfRecordExistInDataBase(CardStore.java:211)
	at banking.BankSystem.isCardNumberUnique(BankSystem.java:111)
	at banking.BankSystem.incrementCardNumber(BankSystem.java:72)
	at banking.BankSystem.incrementCardNumber(BankSystem.java:75)
	at banking.BankSystem.incrementCardNumber(BankSystem.java:75)
	at banking.BankSystem.incrementCardNumber(BankSystem.java:75)
	at banking.BankSystem.incrementCardNumber(BankSystem.java:75)
	at banking.BankSystem.incrementCardNumber(BankSystem.java:75)
	at banking.BankSystem.generateCardNumber(BankSystem.java:42)
	at banking.BankSystem.createAccount(BankSystem.java:29)
	at banking.UserController.onAccountCreateButtonClick(UserController.java:67)
	at banking.UserController.runMainMenu(UserController.java:21)
	at banking.Main.run(Main.java:15)
	at banking.Main.main(Main.java:6)
	at java.base/jdk.internal.reflect.NativeMethodAccessorImpl.invoke0(Native Method)
	at java.base/jdk.internal.reflect.NativeMethodAccessorImpl.invoke(NativeMethodAccessorImpl.java:62)
	at java.base/jdk.internal.reflect.DelegatingMethodAccessorImpl.invoke(DelegatingMethodAccessorImpl.java:43)
	at java.base/java.lang.reflect.Method.invoke(Method.java:566)
	at org.hyperskill.hstest.testing.execution.MainMethodExecutor.invokeMain(MainMethodExecutor.java:154)
	at org.hyperskill.hstest.testing.execution.MainMethodExecutor.lambda$launch$0(MainMethodExecutor.java:180)
	at java.base/java.util.concurrent.Executors$RunnableAdapter.call(Executors.java:515)
	at java.base/java.util.concurrent.FutureTask.run(FutureTask.java:264)
	at java.base/java.util.concurrent.ThreadPoolExecutor.runWorker(ThreadPoolExecutor.java:1128)
	at java.base/java.util.concurrent.ThreadPoolExecutor$Worker.run(ThreadPoolExecutor.java:628)
	at java.base/java.lang.Thread.run(Thread.java:834)
java.sql.SQLException: ResultSet closed
	at org.sqlite.core.CoreResultSet.checkOpen(CoreResultSet.java:69)
	at org.sqlite.jdbc3.JDBC3ResultSet.findColumn(JDBC3ResultSet.java:38)
	at org.sqlite.jdbc3.JDBC3ResultSet.getString(JDBC3ResultSet.java:437)
	at banking.CardStore.checkIfRecordExistInDataBase(CardStore.java:211)
	at banking.BankSystem.isCardNumberUnique(BankSystem.java:111)
	at banking.BankSystem.incrementCardNumber(BankSystem.java:72)
	at banking.BankSystem.incrementCardNumber(BankSystem.java:75)
	at banking.BankSystem.incrementCardNumber(BankSystem.java:75)
	at banking.BankSystem.incrementCardNumber(BankSystem.java:75)
	at banking.BankSystem.incrementCardNumber(BankSystem.java:75)
	at banking.BankSystem.incrementCardNumber(BankSystem.java:75)
	at banking.BankSystem.incrementCardNumber(BankSystem.java:75)
	at banking.BankSystem.generateCardNumber(BankSystem.java:42)
	at banking.BankSystem.createAccount(BankSystem.java:29)
	at banking.UserController.onAccountCreateButtonClick(UserController.java:67)
	at banking.UserController.runMainMenu(UserController.java:21)
	at banking.Main.run(Main.java:15)
	at banking.Main.main(Main.java:6)
	at java.base/jdk.internal.reflect.NativeMethodAccessorImpl.invoke0(Native Method)
	at java.base/jdk.internal.reflect.NativeMethodAccessorImpl.invoke(NativeMethodAccessorImpl.java:62)
	at java.base/jdk.internal.reflect.DelegatingMethodAccessorImpl.invoke(DelegatingMethodAccessorImpl.java:43)
	at java.base/java.lang.reflect.Method.invoke(Method.java:566)
	at org.hyperskill.hstest.testing.execution.MainMethodExecutor.invokeMain(MainMethodExecutor.java:154)
	at org.hyperskill.hstest.testing.execution.MainMethodExecutor.lambda$launch$0(MainMethodExecutor.java:180)
	at java.base/java.util.concurrent.Executors$RunnableAdapter.call(Executors.java:515)
	at java.base/java.util.concurrent.FutureTask.run(FutureTask.java:264)
	at java.base/java.util.concurrent.ThreadPoolExecutor.runWorker(ThreadPoolExecutor.java:1128)
	at java.base/java.util.concurrent.ThreadPoolExecutor$Worker.run(ThreadPoolExecutor.java:628)
	at java.base/java.lang.Thread.run(Thread.java:834)
java.sql.SQLException: ResultSet closed
	at org.sqlite.core.CoreResultSet.checkOpen(CoreResultSet.java:69)
	at org.sqlite.jdbc3.JDBC3ResultSet.findColumn(JDBC3ResultSet.java:38)
	at org.sqlite.jdbc3.JDBC3ResultSet.getString(JDBC3ResultSet.java:437)
	at banking.CardStore.checkIfRecordExistInDataBase(CardStore.java:211)
	at banking.BankSystem.isCardNumberUnique(BankSystem.java:111)
	at banking.BankSystem.incrementCardNumber(BankSystem.java:72)
	at banking.BankSystem.incrementCardNumber(BankSystem.java:75)
	at banking.BankSystem.incrementCardNumber(BankSystem.java:75)
	at banking.BankSystem.incrementCardNumber(BankSystem.java:75)
	at banking.BankSystem.incrementCardNumber(BankSystem.java:75)
	at banking.BankSystem.incrementCardNumber(BankSystem.java:75)
	at banking.BankSystem.incrementCardNumber(BankSystem.java:75)
	at banking.BankSystem.incrementCardNumber(BankSystem.java:75)
	at banking.BankSystem.generateCardNumber(BankSystem.java:42)
	at banking.BankSystem.createAccount(BankSystem.java:29)
	at banking.UserController.onAccountCreateButtonClick(UserController.java:67)
	at banking.UserController.runMainMenu(UserController.java:21)
	at banking.Main.run(Main.java:15)
	at banking.Main.main(Main.java:6)
	at java.base/jdk.internal.reflect.NativeMethodAccessorImpl.invoke0(Native Method)
	at java.base/jdk.internal.reflect.NativeMethodAccessorImpl.invoke(NativeMethodAccessorImpl.java:62)
	at java.base/jdk.internal.reflect.DelegatingMethodAccessorImpl.invoke(DelegatingMethodAccessorImpl.java:43)
	at java.base/java.lang.reflect.Method.invoke(Method.java:566)
	at org.hyperskill.hstest.testing.execution.MainMethodExecutor.invokeMain(MainMethodExecutor.java:154)
	at org.hyperskill.hstest.testing.execution.MainMethodExecutor.lambda$launch$0(MainMethodExecutor.java:180)
	at java.base/java.util.concurrent.Executors$RunnableAdapter.call(Executors.java:515)
	at java.base/java.util.concurrent.FutureTask.run(FutureTask.java:264)
	at java.base/java.util.concurrent.ThreadPoolExecutor.runWorker(ThreadPoolExecutor.java:1128)
	at java.base/java.util.concurrent.ThreadPoolExecutor$Worker.run(ThreadPoolExecutor.java:628)
	at java.base/java.lang.Thread.run(Thread.java:834)
java.sql.SQLException: ResultSet closed
	at org.sqlite.core.CoreResultSet.checkOpen(CoreResultSet.java:69)
	at org.sqlite.jdbc3.JDBC3ResultSet.findColumn(JDBC3ResultSet.java:38)
	at org.sqlite.jdbc3.JDBC3ResultSet.getString(JDBC3ResultSet.java:437)
	at banking.CardStore.checkIfRecordExistInDataBase(CardStore.java:211)
	at banking.BankSystem.isCardNumberUnique(BankSystem.java:111)
	at banking.BankSystem.incrementCardNumber(BankSystem.java:72)
	at banking.BankSystem.generateCardNumber(BankSystem.java:42)
	at banking.BankSystem.createAccount(BankSystem.java:29)
	at banking.UserController.onAccountCreateButtonClick(UserController.java:67)
	at banking.UserController.runMainMenu(UserController.java:21)
	at banking.Main.run(Main.java:15)
	at banking.Main.main(Main.java:6)
	at java.base/jdk.internal.reflect.NativeMethodAccessorImpl.invoke0(Native Method)
	at java.base/jdk.internal.reflect.NativeMethodAccessorImpl.invoke(NativeMethodAccessorImpl.java:62)
	at java.base/jdk.internal.reflect.DelegatingMethodAccessorImpl.invoke(DelegatingMethodAccessorImpl.java:43)
	at java.base/java.lang.reflect.Method.invoke(Method.java:566)
	at org.hyperskill.hstest.testing.execution.MainMethodExecutor.invokeMain(MainMethodExecutor.java:154)
	at org.hyperskill.hstest.testing.execution.MainMethodExecutor.lambda$launch$0(MainMethodExecutor.java:180)
	at java.base/java.util.concurrent.Executors$RunnableAdapter.call(Executors.java:515)
	at java.base/java.util.concurrent.FutureTask.run(FutureTask.java:264)
	at java.base/java.util.concurrent.ThreadPoolExecutor.runWorker(ThreadPoolExecutor.java:1128)
	at java.base/java.util.concurrent.ThreadPoolExecutor$Worker.run(ThreadPoolExecutor.java:628)
	at java.base/java.lang.Thread.run(Thread.java:834)
java.sql.SQLException: ResultSet closed
	at org.sqlite.core.CoreResultSet.checkOpen(CoreResultSet.java:69)
	at org.sqlite.jdbc3.JDBC3ResultSet.findColumn(JDBC3ResultSet.java:38)
	at org.sqlite.jdbc3.JDBC3ResultSet.getString(JDBC3ResultSet.java:437)
	at banking.CardStore.checkIfRecordExistInDataBase(CardStore.java:211)
	at banking.BankSystem.isCardNumberUnique(BankSystem.java:111)
	at banking.BankSystem.incrementCardNumber(BankSystem.java:72)
	at banking.BankSystem.incrementCardNumber(BankSystem.java:75)
	at banking.BankSystem.generateCardNumber(BankSystem.java:42)
	at banking.BankSystem.createAccount(BankSystem.java:29)
	at banking.UserController.onAccountCreateButtonClick(UserController.java:67)
	at banking.UserController.runMainMenu(UserController.java:21)
	at banking.Main.run(Main.java:15)
	at banking.Main.main(Main.java:6)
	at java.base/jdk.internal.reflect.NativeMethodAccessorImpl.invoke0(Native Method)
	at java.base/jdk.internal.reflect.NativeMethodAccessorImpl.invoke(NativeMethodAccessorImpl.java:62)
	at java.base/jdk.internal.reflect.DelegatingMethodAccessorImpl.invoke(DelegatingMethodAccessorImpl.java:43)
	at java.base/java.lang.reflect.Method.invoke(Method.java:566)
	at org.hyperskill.hstest.testing.execution.MainMethodExecutor.invokeMain(MainMethodExecutor.java:154)
	at org.hyperskill.hstest.testing.execution.MainMethodExecutor.lambda$launch$0(MainMethodExecutor.java:180)
	at java.base/java.util.concurrent.Executors$RunnableAdapter.call(Executors.java:515)
	at java.base/java.util.concurrent.FutureTask.run(FutureTask.java:264)
	at java.base/java.util.concurrent.ThreadPoolExecutor.runWorker(ThreadPoolExecutor.java:1128)
	at java.base/java.util.concurrent.ThreadPoolExecutor$Worker.run(ThreadPoolExecutor.java:628)
	at java.base/java.lang.Thread.run(Thread.java:834)
java.sql.SQLException: ResultSet closed
	at org.sqlite.core.CoreResultSet.checkOpen(CoreResultSet.java:69)
	at org.sqlite.jdbc3.JDBC3ResultSet.findColumn(JDBC3ResultSet.java:38)
	at org.sqlite.jdbc3.JDBC3ResultSet.getString(JDBC3ResultSet.java:437)
	at banking.CardStore.checkIfRecordExistInDataBase(CardStore.java:211)
	at banking.BankSystem.isCardNumberUnique(BankSystem.java:111)
	at banking.BankSystem.incrementCardNumber(BankSystem.java:72)
	at banking.BankSystem.incrementCardNumber(BankSystem.java:75)
	at banking.BankSystem.incrementCardNumber(BankSystem.java:75)
	at banking.BankSystem.generateCardNumber(BankSystem.java:42)
	at banking.BankSystem.createAccount(BankSystem.java:29)
	at banking.UserController.onAccountCreateButtonClick(UserController.java:67)
	at banking.UserController.runMainMenu(UserController.java:21)
	at banking.Main.run(Main.java:15)
	at banking.Main.main(Main.java:6)
	at java.base/jdk.internal.reflect.NativeMethodAccessorImpl.invoke0(Native Method)
	at java.base/jdk.internal.reflect.NativeMethodAccessorImpl.invoke(NativeMethodAccessorImpl.java:62)
	at java.base/jdk.internal.reflect.DelegatingMethodAccessorImpl.invoke(DelegatingMethodAccessorImpl.java:43)
	at java.base/java.lang.reflect.Method.invoke(Method.java:566)
	at org.hyperskill.hstest.testing.execution.MainMethodExecutor.invokeMain(MainMethodExecutor.java:154)
	at org.hyperskill.hstest.testing.execution.MainMethodExecutor.lambda$launch$0(MainMethodExecutor.java:180)
	at java.base/java.util.concurrent.Executors$RunnableAdapter.call(Executors.java:515)
	at java.base/java.util.concurrent.FutureTask.run(FutureTask.java:264)
	at java.base/java.util.concurrent.ThreadPoolExecutor.runWorker(ThreadPoolExecutor.java:1128)
	at java.base/java.util.concurrent.ThreadPoolExecutor$Worker.run(ThreadPoolExecutor.java:628)
	at java.base/java.lang.Thread.run(Thread.java:834)
java.sql.SQLException: ResultSet closed
	at org.sqlite.core.CoreResultSet.checkOpen(CoreResultSet.java:69)
	at org.sqlite.jdbc3.JDBC3ResultSet.findColumn(JDBC3ResultSet.java:38)
	at org.sqlite.jdbc3.JDBC3ResultSet.getString(JDBC3ResultSet.java:437)
	at banking.CardStore.checkIfRecordExistInDataBase(CardStore.java:211)
	at banking.BankSystem.isCardNumberUnique(BankSystem.java:111)
	at banking.BankSystem.incrementCardNumber(BankSystem.java:72)
	at banking.BankSystem.incrementCardNumber(BankSystem.java:75)
	at banking.BankSystem.incrementCardNumber(BankSystem.java:75)
	at banking.BankSystem.incrementCardNumber(BankSystem.java:75)
	at banking.BankSystem.generateCardNumber(BankSystem.java:42)
	at banking.BankSystem.createAccount(BankSystem.java:29)
	at banking.UserController.onAccountCreateButtonClick(UserController.java:67)
	at banking.UserController.runMainMenu(UserController.java:21)
	at banking.Main.run(Main.java:15)
	at banking.Main.main(Main.java:6)
	at java.base/jdk.internal.reflect.NativeMethodAccessorImpl.invoke0(Native Method)
	at java.base/jdk.internal.reflect.NativeMethodAccessorImpl.invoke(NativeMethodAccessorImpl.java:62)
	at java.base/jdk.internal.reflect.DelegatingMethodAccessorImpl.invoke(DelegatingMethodAccessorImpl.java:43)
	at java.base/java.lang.reflect.Method.invoke(Method.java:566)
	at org.hyperskill.hstest.testing.execution.MainMethodExecutor.invokeMain(MainMethodExecutor.java:154)
	at org.hyperskill.hstest.testing.execution.MainMethodExecutor.lambda$launch$0(MainMethodExecutor.java:180)
	at java.base/java.util.concurrent.Executors$RunnableAdapter.call(Executors.java:515)
	at java.base/java.util.concurrent.FutureTask.run(FutureTask.java:264)
	at java.base/java.util.concurrent.ThreadPoolExecutor.runWorker(ThreadPoolExecutor.java:1128)
	at java.base/java.util.concurrent.ThreadPoolExecutor$Worker.run(ThreadPoolExecutor.java:628)
	at java.base/java.lang.Thread.run(Thread.java:834)
java.sql.SQLException: ResultSet closed
	at org.sqlite.core.CoreResultSet.checkOpen(CoreResultSet.java:69)
	at org.sqlite.jdbc3.JDBC3ResultSet.findColumn(JDBC3ResultSet.java:38)
	at org.sqlite.jdbc3.JDBC3ResultSet.getString(JDBC3ResultSet.java:437)
	at banking.CardStore.checkIfRecordExistInDataBase(CardStore.java:211)
	at banking.BankSystem.isCardNumberUnique(BankSystem.java:111)
	at banking.BankSystem.incrementCardNumber(BankSystem.java:72)
	at banking.BankSystem.incrementCardNumber(BankSystem.java:75)
	at banking.BankSystem.incrementCardNumber(BankSystem.java:75)
	at banking.BankSystem.incrementCardNumber(BankSystem.java:75)
	at banking.BankSystem.incrementCardNumber(BankSystem.java:75)
	at banking.BankSystem.generateCardNumber(BankSystem.java:42)
	at banking.BankSystem.createAccount(BankSystem.java:29)
	at banking.UserController.onAccountCreateButtonClick(UserController.java:67)
	at banking.UserController.runMainMenu(UserController.java:21)
	at banking.Main.run(Main.java:15)
	at banking.Main.main(Main.java:6)
	at java.base/jdk.internal.reflect.NativeMethodAccessorImpl.invoke0(Native Method)
	at java.base/jdk.internal.reflect.NativeMethodAccessorImpl.invoke(NativeMethodAccessorImpl.java:62)
	at java.base/jdk.internal.reflect.DelegatingMethodAccessorImpl.invoke(DelegatingMethodAccessorImpl.java:43)
	at java.base/java.lang.reflect.Method.invoke(Method.java:566)
	at org.hyperskill.hstest.testing.execution.MainMethodExecutor.invokeMain(MainMethodExecutor.java:154)
	at org.hyperskill.hstest.testing.execution.MainMethodExecutor.lambda$launch$0(MainMethodExecutor.java:180)
	at java.base/java.util.concurrent.Executors$RunnableAdapter.call(Executors.java:515)
	at java.base/java.util.concurrent.FutureTask.run(FutureTask.java:264)
	at java.base/java.util.concurrent.ThreadPoolExecutor.runWorker(ThreadPoolExecutor.java:1128)
	at java.base/java.util.concurrent.ThreadPoolExecutor$Worker.run(ThreadPoolExecutor.java:628)
	at java.base/java.lang.Thread.run(Thread.java:834)
java.sql.SQLException: ResultSet closed
	at org.sqlite.core.CoreResultSet.checkOpen(CoreResultSet.java:69)
	at org.sqlite.jdbc3.JDBC3ResultSet.findColumn(JDBC3ResultSet.java:38)
	at org.sqlite.jdbc3.JDBC3ResultSet.getString(JDBC3ResultSet.java:437)
	at banking.CardStore.checkIfRecordExistInDataBase(CardStore.java:211)
	at banking.BankSystem.isCardNumberUnique(BankSystem.java:111)
	at banking.BankSystem.incrementCardNumber(BankSystem.java:72)
	at banking.BankSystem.incrementCardNumber(BankSystem.java:75)
	at banking.BankSystem.incrementCardNumber(BankSystem.java:75)
	at banking.BankSystem.incrementCardNumber(BankSystem.java:75)
	at banking.BankSystem.incrementCardNumber(BankSystem.java:75)
	at banking.BankSystem.incrementCardNumber(BankSystem.java:75)
	at banking.BankSystem.generateCardNumber(BankSystem.java:42)
	at banking.BankSystem.createAccount(BankSystem.java:29)
	at banking.UserController.onAccountCreateButtonClick(UserController.java:67)
	at banking.UserController.runMainMenu(UserController.java:21)
	at banking.Main.run(Main.java:15)
	at banking.Main.main(Main.java:6)
	at java.base/jdk.internal.reflect.NativeMethodAccessorImpl.invoke0(Native Method)
	at java.base/jdk.internal.reflect.NativeMethodAccessorImpl.invoke(NativeMethodAccessorImpl.java:62)
	at java.base/jdk.internal.reflect.DelegatingMethodAccessorImpl.invoke(DelegatingMethodAccessorImpl.java:43)
	at java.base/java.lang.reflect.Method.invoke(Method.java:566)
	at org.hyperskill.hstest.testing.execution.MainMethodExecutor.invokeMain(MainMethodExecutor.java:154)
	at org.hyperskill.hstest.testing.execution.MainMethodExecutor.lambda$launch$0(MainMethodExecutor.java:180)
	at java.base/java.util.concurrent.Executors$RunnableAdapter.call(Executors.java:515)
	at java.base/java.util.concurrent.FutureTask.run(FutureTask.java:264)
	at java.base/java.util.concurrent.ThreadPoolExecutor.runWorker(ThreadPoolExecutor.java:1128)
	at java.base/java.util.concurrent.ThreadPoolExecutor$Worker.run(ThreadPoolExecutor.java:628)
	at java.base/java.lang.Thread.run(Thread.java:834)
java.sql.SQLException: ResultSet closed
	at org.sqlite.core.CoreResultSet.checkOpen(CoreResultSet.java:69)
	at org.sqlite.jdbc3.JDBC3ResultSet.findColumn(JDBC3ResultSet.java:38)
	at org.sqlite.jdbc3.JDBC3ResultSet.getString(JDBC3ResultSet.java:437)
	at banking.CardStore.checkIfRecordExistInDataBase(CardStore.java:211)
	at banking.BankSystem.isCardNumberUnique(BankSystem.java:111)
	at banking.BankSystem.incrementCardNumber(BankSystem.java:72)
	at banking.BankSystem.incrementCardNumber(BankSystem.java:75)
	at banking.BankSystem.incrementCardNumber(BankSystem.java:75)
	at banking.BankSystem.incrementCardNumber(BankSystem.java:75)
	at banking.BankSystem.incrementCardNumber(BankSystem.java:75)
	at banking.BankSystem.incrementCardNumber(BankSystem.java:75)
	at banking.BankSystem.incrementCardNumber(BankSystem.java:75)
	at banking.BankSystem.generateCardNumber(BankSystem.java:42)
	at banking.BankSystem.createAccount(BankSystem.java:29)
	at banking.UserController.onAccountCreateButtonClick(UserController.java:67)
	at banking.UserController.runMainMenu(UserController.java:21)
	at banking.Main.run(Main.java:15)
	at banking.Main.main(Main.java:6)
	at java.base/jdk.internal.reflect.NativeMethodAccessorImpl.invoke0(Native Method)
	at java.base/jdk.internal.reflect.NativeMethodAccessorImpl.invoke(NativeMethodAccessorImpl.java:62)
	at java.base/jdk.internal.reflect.DelegatingMethodAccessorImpl.invoke(DelegatingMethodAccessorImpl.java:43)
	at java.base/java.lang.reflect.Method.invoke(Method.java:566)
	at org.hyperskill.hstest.testing.execution.MainMethodExecutor.invokeMain(MainMethodExecutor.java:154)
	at org.hyperskill.hstest.testing.execution.MainMethodExecutor.lambda$launch$0(MainMethodExecutor.java:180)
	at java.base/java.util.concurrent.Executors$RunnableAdapter.call(Executors.java:515)
	at java.base/java.util.concurrent.FutureTask.run(FutureTask.java:264)
	at java.base/java.util.concurrent.ThreadPoolExecutor.runWorker(ThreadPoolExecutor.java:1128)
	at java.base/java.util.concurrent.ThreadPoolExecutor$Worker.run(ThreadPoolExecutor.java:628)
	at java.base/java.lang.Thread.run(Thread.java:834)
java.sql.SQLException: ResultSet closed
	at org.sqlite.core.CoreResultSet.checkOpen(CoreResultSet.java:69)
	at org.sqlite.jdbc3.JDBC3ResultSet.findColumn(JDBC3ResultSet.java:38)
	at org.sqlite.jdbc3.JDBC3ResultSet.getString(JDBC3ResultSet.java:437)
	at banking.CardStore.checkIfRecordExistInDataBase(CardStore.java:211)
	at banking.BankSystem.isCardNumberUnique(BankSystem.java:111)
	at banking.BankSystem.incrementCardNumber(BankSystem.java:72)
	at banking.BankSystem.incrementCardNumber(BankSystem.java:75)
	at banking.BankSystem.incrementCardNumber(BankSystem.java:75)
	at banking.BankSystem.incrementCardNumber(BankSystem.java:75)
	at banking.BankSystem.incrementCardNumber(BankSystem.java:75)
	at banking.BankSystem.incrementCardNumber(BankSystem.java:75)
	at banking.BankSystem.incrementCardNumber(BankSystem.java:75)
	at banking.BankSystem.incrementCardNumber(BankSystem.java:75)
	at banking.BankSystem.generateCardNumber(BankSystem.java:42)
	at banking.BankSystem.createAccount(BankSystem.java:29)
	at banking.UserController.onAccountCreateButtonClick(UserController.java:67)
	at banking.UserController.runMainMenu(UserController.java:21)
	at banking.Main.run(Main.java:15)
	at banking.Main.main(Main.java:6)
	at java.base/jdk.internal.reflect.NativeMethodAccessorImpl.invoke0(Native Method)
	at java.base/jdk.internal.reflect.NativeMethodAccessorImpl.invoke(NativeMethodAccessorImpl.java:62)
	at java.base/jdk.internal.reflect.DelegatingMethodAccessorImpl.invoke(DelegatingMethodAccessorImpl.java:43)
	at java.base/java.lang.reflect.Method.invoke(Method.java:566)
	at org.hyperskill.hstest.testing.execution.MainMethodExecutor.invokeMain(MainMethodExecutor.java:154)
	at org.hyperskill.hstest.testing.execution.MainMethodExecutor.lambda$launch$0(MainMethodExecutor.java:180)
	at java.base/java.util.concurrent.Executors$RunnableAdapter.call(Executors.java:515)
	at java.base/java.util.concurrent.FutureTask.run(FutureTask.java:264)
	at java.base/java.util.concurrent.ThreadPoolExecutor.runWorker(ThreadPoolExecutor.java:1128)
	at java.base/java.util.concurrent.ThreadPoolExecutor$Worker.run(ThreadPoolExecutor.java:628)
	at java.base/java.lang.Thread.run(Thread.java:834)
java.sql.SQLException: ResultSet closed
	at org.sqlite.core.CoreResultSet.checkOpen(CoreResultSet.java:69)
	at org.sqlite.jdbc3.JDBC3ResultSet.findColumn(JDBC3ResultSet.java:38)
	at org.sqlite.jdbc3.JDBC3ResultSet.getString(JDBC3ResultSet.java:437)
	at banking.CardStore.checkIfRecordExistInDataBase(CardStore.java:211)
	at banking.BankSystem.isCardNumberUnique(BankSystem.java:111)
	at banking.BankSystem.incrementCardNumber(BankSystem.java:72)
	at banking.BankSystem.incrementCardNumber(BankSystem.java:75)
	at banking.BankSystem.incrementCardNumber(BankSystem.java:75)
	at banking.BankSystem.incrementCardNumber(BankSystem.java:75)
	at banking.BankSystem.incrementCardNumber(BankSystem.java:75)
	at banking.BankSystem.incrementCardNumber(BankSystem.java:75)
	at banking.BankSystem.incrementCardNumber(BankSystem.java:75)
	at banking.BankSystem.incrementCardNumber(BankSystem.java:75)
	at banking.BankSystem.incrementCardNumber(BankSystem.java:75)
	at banking.BankSystem.generateCardNumber(BankSystem.java:42)
	at banking.BankSystem.createAccount(BankSystem.java:29)
	at banking.UserController.onAccountCreateButtonClick(UserController.java:67)
	at banking.UserController.runMainMenu(UserController.java:21)
	at banking.Main.run(Main.java:15)
	at banking.Main.main(Main.java:6)
	at java.base/jdk.internal.reflect.NativeMethodAccessorImpl.invoke0(Native Method)
	at java.base/jdk.internal.reflect.NativeMethodAccessorImpl.invoke(NativeMethodAccessorImpl.java:62)
	at java.base/jdk.internal.reflect.DelegatingMethodAccessorImpl.invoke(DelegatingMethodAccessorImpl.java:43)
	at java.base/java.lang.reflect.Method.invoke(Method.java:566)
	at org.hyperskill.hstest.testing.execution.MainMethodExecutor.invokeMain(MainMethodExecutor.java:154)
	at org.hyperskill.hstest.testing.execution.MainMethodExecutor.lambda$launch$0(MainMethodExecutor.java:180)
	at java.base/java.util.concurrent.Executors$RunnableAdapter.call(Executors.java:515)
	at java.base/java.util.concurrent.FutureTask.run(FutureTask.java:264)
	at java.base/java.util.concurrent.ThreadPoolExecutor.runWorker(ThreadPoolExecutor.java:1128)
	at java.base/java.util.concurrent.ThreadPoolExecutor$Worker.run(ThreadPoolExecutor.java:628)
	at java.base/java.lang.Thread.run(Thread.java:834)
java.sql.SQLException: ResultSet closed
	at org.sqlite.core.CoreResultSet.checkOpen(CoreResultSet.java:69)
	at org.sqlite.jdbc3.JDBC3ResultSet.findColumn(JDBC3ResultSet.java:38)
	at org.sqlite.jdbc3.JDBC3ResultSet.getString(JDBC3ResultSet.java:437)
	at banking.CardStore.checkIfRecordExistInDataBase(CardStore.java:211)
	at banking.BankSystem.isCardNumberUnique(BankSystem.java:111)
	at banking.BankSystem.incrementCardNumber(BankSystem.java:72)
	at banking.BankSystem.incrementCardNumber(BankSystem.java:75)
	at banking.BankSystem.incrementCardNumber(BankSystem.java:75)
	at banking.BankSystem.incrementCardNumber(BankSystem.java:75)
	at banking.BankSystem.incrementCardNumber(BankSystem.java:75)
	at banking.BankSystem.incrementCardNumber(BankSystem.java:75)
	at banking.BankSystem.incrementCardNumber(BankSystem.java:75)
	at banking.BankSystem.incrementCardNumber(BankSystem.java:75)
	at banking.BankSystem.incrementCardNumber(BankSystem.java:75)
	at banking.BankSystem.incrementCardNumber(BankSystem.java:75)
	at banking.BankSystem.generateCardNumber(BankSystem.java:42)
	at banking.BankSystem.createAccount(BankSystem.java:29)
	at banking.UserController.onAccountCreateButtonClick(UserController.java:67)
	at banking.UserController.runMainMenu(UserController.java:21)
	at banking.Main.run(Main.java:15)
	at banking.Main.main(Main.java:6)
	at java.base/jdk.internal.reflect.NativeMethodAccessorImpl.invoke0(Native Method)
	at java.base/jdk.internal.reflect.NativeMethodAccessorImpl.invoke(NativeMethodAccessorImpl.java:62)
	at java.base/jdk.internal.reflect.DelegatingMethodAccessorImpl.invoke(DelegatingMethodAccessorImpl.java:43)
	at java.base/java.lang.reflect.Method.invoke(Method.java:566)
	at org.hyperskill.hstest.testing.execution.MainMethodExecutor.invokeMain(MainMethodExecutor.java:154)
	at org.hyperskill.hstest.testing.execution.MainMethodExecutor.lambda$launch$0(MainMethodExecutor.java:180)
	at java.base/java.util.concurrent.Executors$RunnableAdapter.call(Executors.java:515)
	at java.base/java.util.concurrent.FutureTask.run(FutureTask.java:264)
	at java.base/java.util.concurrent.ThreadPoolExecutor.runWorker(ThreadPoolExecutor.java:1128)
	at java.base/java.util.concurrent.ThreadPoolExecutor$Worker.run(ThreadPoolExecutor.java:628)
	at java.base/java.lang.Thread.run(Thread.java:834)
java.sql.SQLException: ResultSet closed
	at org.sqlite.core.CoreResultSet.checkOpen(CoreResultSet.java:69)
	at org.sqlite.jdbc3.JDBC3ResultSet.findColumn(JDBC3ResultSet.java:38)
	at org.sqlite.jdbc3.JDBC3ResultSet.getString(JDBC3ResultSet.java:437)
	at banking.CardStore.checkIfRecordExistInDataBase(CardStore.java:211)
	at banking.BankSystem.isCardNumberUnique(BankSystem.java:111)
	at banking.BankSystem.incrementCardNumber(BankSystem.java:72)
	at banking.BankSystem.incrementCardNumber(BankSystem.java:75)
	at banking.BankSystem.incrementCardNumber(BankSystem.java:75)
	at banking.BankSystem.incrementCardNumber(BankSystem.java:75)
	at banking.BankSystem.incrementCardNumber(BankSystem.java:75)
	at banking.BankSystem.incrementCardNumber(BankSystem.java:75)
	at banking.BankSystem.incrementCardNumber(BankSystem.java:75)
	at banking.BankSystem.incrementCardNumber(BankSystem.java:75)
	at banking.BankSystem.incrementCardNumber(BankSystem.java:75)
	at banking.BankSystem.incrementCardNumber(BankSystem.java:75)
	at banking.BankSystem.incrementCardNumber(BankSystem.java:75)
	at banking.BankSystem.generateCardNumber(BankSystem.java:42)
	at banking.BankSystem.createAccount(BankSystem.java:29)
	at banking.UserController.onAccountCreateButtonClick(UserController.java:67)
	at banking.UserController.runMainMenu(UserController.java:21)
	at banking.Main.run(Main.java:15)
	at banking.Main.main(Main.java:6)
	at java.base/jdk.internal.reflect.NativeMethodAccessorImpl.invoke0(Native Method)
	at java.base/jdk.internal.reflect.NativeMethodAccessorImpl.invoke(NativeMethodAccessorImpl.java:62)
	at java.base/jdk.internal.reflect.DelegatingMethodAccessorImpl.invoke(DelegatingMethodAccessorImpl.java:43)
	at java.base/java.lang.reflect.Method.invoke(Method.java:566)
	at org.hyperskill.hstest.testing.execution.MainMethodExecutor.invokeMain(MainMethodExecutor.java:154)
	at org.hyperskill.hstest.testing.execution.MainMethodExecutor.lambda$launch$0(MainMethodExecutor.java:180)
	at java.base/java.util.concurrent.Executors$RunnableAdapter.call(Executors.java:515)
	at java.base/java.util.concurrent.FutureTask.run(FutureTask.java:264)
	at java.base/java.util.concurrent.ThreadPoolExecutor.runWorker(ThreadPoolExecutor.java:1128)
	at java.base/java.util.concurrent.ThreadPoolExecutor$Worker.run(ThreadPoolExecutor.java:628)
	at java.base/java.lang.Thread.run(Thread.java:834)
java.sql.SQLException: ResultSet closed
	at org.sqlite.core.CoreResultSet.checkOpen(CoreResultSet.java:69)
	at org.sqlite.jdbc3.JDBC3ResultSet.findColumn(JDBC3ResultSet.java:38)
	at org.sqlite.jdbc3.JDBC3ResultSet.getString(JDBC3ResultSet.java:437)
	at banking.CardStore.checkIfRecordExistInDataBase(CardStore.java:211)
	at banking.BankSystem.isCardNumberUnique(BankSystem.java:111)
	at banking.BankSystem.incrementCardNumber(BankSystem.java:72)
	at banking.BankSystem.incrementCardNumber(BankSystem.java:75)
	at banking.BankSystem.incrementCardNumber(BankSystem.java:75)
	at banking.BankSystem.incrementCardNumber(BankSystem.java:75)
	at banking.BankSystem.incrementCardNumber(BankSystem.java:75)
	at banking.BankSystem.incrementCardNumber(BankSystem.java:75)
	at banking.BankSystem.incrementCardNumber(BankSystem.java:75)
	at banking.BankSystem.incrementCardNumber(BankSystem.java:75)
	at banking.BankSystem.incrementCardNumber(BankSystem.java:75)
	at banking.BankSystem.incrementCardNumber(BankSystem.java:75)
	at banking.BankSystem.incrementCardNumber(BankSystem.java:75)
	at banking.BankSystem.incrementCardNumber(BankSystem.java:75)
	at banking.BankSystem.generateCardNumber(BankSystem.java:42)
	at banking.BankSystem.createAccount(BankSystem.java:29)
	at banking.UserController.onAccountCreateButtonClick(UserController.java:67)
	at banking.UserController.runMainMenu(UserController.java:21)
	at banking.Main.run(Main.java:15)
	at banking.Main.main(Main.java:6)
	at java.base/jdk.internal.reflect.NativeMethodAccessorImpl.invoke0(Native Method)
	at java.base/jdk.internal.reflect.NativeMethodAccessorImpl.invoke(NativeMethodAccessorImpl.java:62)
	at java.base/jdk.internal.reflect.DelegatingMethodAccessorImpl.invoke(DelegatingMethodAccessorImpl.java:43)
	at java.base/java.lang.reflect.Method.invoke(Method.java:566)
	at org.hyperskill.hstest.testing.execution.MainMethodExecutor.invokeMain(MainMethodExecutor.java:154)
	at org.hyperskill.hstest.testing.execution.MainMethodExecutor.lambda$launch$0(MainMethodExecutor.java:180)
	at java.base/java.util.concurrent.Executors$RunnableAdapter.call(Executors.java:515)
	at java.base/java.util.concurrent.FutureTask.run(FutureTask.java:264)
	at java.base/java.util.concurrent.ThreadPoolExecutor.runWorker(ThreadPoolExecutor.java:1128)
	at java.base/java.util.concurrent.ThreadPoolExecutor$Worker.run(ThreadPoolExecutor.java:628)
	at java.base/java.lang.Thread.run(Thread.java:834)
java.sql.SQLException: ResultSet closed
	at org.sqlite.core.CoreResultSet.checkOpen(CoreResultSet.java:69)
	at org.sqlite.jdbc3.JDBC3ResultSet.findColumn(JDBC3ResultSet.java:38)
	at org.sqlite.jdbc3.JDBC3ResultSet.getString(JDBC3ResultSet.java:437)
	at banking.CardStore.checkIfRecordExistInDataBase(CardStore.java:211)
	at banking.BankSystem.isCardNumberUnique(BankSystem.java:111)
	at banking.BankSystem.incrementCardNumber(BankSystem.java:72)
	at banking.BankSystem.incrementCardNumber(BankSystem.java:75)
	at banking.BankSystem.incrementCardNumber(BankSystem.java:75)
	at banking.BankSystem.incrementCardNumber(BankSystem.java:75)
	at banking.BankSystem.incrementCardNumber(BankSystem.java:75)
	at banking.BankSystem.incrementCardNumber(BankSystem.java:75)
	at banking.BankSystem.incrementCardNumber(BankSystem.java:75)
	at banking.BankSystem.incrementCardNumber(BankSystem.java:75)
	at banking.BankSystem.incrementCardNumber(BankSystem.java:75)
	at banking.BankSystem.incrementCardNumber(BankSystem.java:75)
	at banking.BankSystem.incrementCardNumber(BankSystem.java:75)
	at banking.BankSystem.incrementCardNumber(BankSystem.java:75)
	at banking.BankSystem.incrementCardNumber(BankSystem.java:75)
	at banking.BankSystem.generateCardNumber(BankSystem.java:42)
	at banking.BankSystem.createAccount(BankSystem.java:29)
	at banking.UserController.onAccountCreateButtonClick(UserController.java:67)
	at banking.UserController.runMainMenu(UserController.java:21)
	at banking.Main.run(Main.java:15)
	at banking.Main.main(Main.java:6)
	at java.base/jdk.internal.reflect.NativeMethodAccessorImpl.invoke0(Native Method)
	at java.base/jdk.internal.reflect.NativeMethodAccessorImpl.invoke(NativeMethodAccessorImpl.java:62)
	at java.base/jdk.internal.reflect.DelegatingMethodAccessorImpl.invoke(DelegatingMethodAccessorImpl.java:43)
	at java.base/java.lang.reflect.Method.invoke(Method.java:566)
	at org.hyperskill.hstest.testing.execution.MainMethodExecutor.invokeMain(MainMethodExecutor.java:154)
	at org.hyperskill.hstest.testing.execution.MainMethodExecutor.lambda$launch$0(MainMethodExecutor.java:180)
	at java.base/java.util.concurrent.Executors$RunnableAdapter.call(Executors.java:515)
	at java.base/java.util.concurrent.FutureTask.run(FutureTask.java:264)
	at java.base/java.util.concurrent.ThreadPoolExecutor.runWorker(ThreadPoolExecutor.java:1128)
	at java.base/java.util.concurrent.ThreadPoolExecutor$Worker.run(ThreadPoolExecutor.java:628)
	at java.base/java.lang.Thread.run(Thread.java:834)
java.sql.SQLException: ResultSet closed
	at org.sqlite.core.CoreResultSet.checkOpen(CoreResultSet.java:69)
	at org.sqlite.jdbc3.JDBC3ResultSet.findColumn(JDBC3ResultSet.java:38)
	at org.sqlite.jdbc3.JDBC3ResultSet.getString(JDBC3ResultSet.java:437)
	at banking.CardStore.checkIfRecordExistInDataBase(CardStore.java:211)
	at banking.BankSystem.isCardNumberUnique(BankSystem.java:111)
	at banking.BankSystem.incrementCardNumber(BankSystem.java:72)
	at banking.BankSystem.incrementCardNumber(BankSystem.java:75)
	at banking.BankSystem.incrementCardNumber(BankSystem.java:75)
	at banking.BankSystem.incrementCardNumber(BankSystem.java:75)
	at banking.BankSystem.incrementCardNumber(BankSystem.java:75)
	at banking.BankSystem.incrementCardNumber(BankSystem.java:75)
	at banking.BankSystem.incrementCardNumber(BankSystem.java:75)
	at banking.BankSystem.incrementCardNumber(BankSystem.java:75)
	at banking.BankSystem.incrementCardNumber(BankSystem.java:75)
	at banking.BankSystem.incrementCardNumber(BankSystem.java:75)
	at banking.BankSystem.incrementCardNumber(BankSystem.java:75)
	at banking.BankSystem.incrementCardNumber(BankSystem.java:75)
	at banking.BankSystem.incrementCardNumber(BankSystem.java:75)
	at banking.BankSystem.incrementCardNumber(BankSystem.java:75)
	at banking.BankSystem.generateCardNumber(BankSystem.java:42)
	at banking.BankSystem.createAccount(BankSystem.java:29)
	at banking.UserController.onAccountCreateButtonClick(UserController.java:67)
	at banking.UserController.runMainMenu(UserController.java:21)
	at banking.Main.run(Main.java:15)
	at banking.Main.main(Main.java:6)
	at java.base/jdk.internal.reflect.NativeMethodAccessorImpl.invoke0(Native Method)
	at java.base/jdk.internal.reflect.NativeMethodAccessorImpl.invoke(NativeMethodAccessorImpl.java:62)
	at java.base/jdk.internal.reflect.DelegatingMethodAccessorImpl.invoke(DelegatingMethodAccessorImpl.java:43)
	at java.base/java.lang.reflect.Method.invoke(Method.java:566)
	at org.hyperskill.hstest.testing.execution.MainMethodExecutor.invokeMain(MainMethodExecutor.java:154)
	at org.hyperskill.hstest.testing.execution.MainMethodExecutor.lambda$launch$0(MainMethodExecutor.java:180)
	at java.base/java.util.concurrent.Executors$RunnableAdapter.call(Executors.java:515)
	at java.base/java.util.concurrent.FutureTask.run(FutureTask.java:264)
	at java.base/java.util.concurrent.ThreadPoolExecutor.runWorker(ThreadPoolExecutor.java:1128)
	at java.base/java.util.concurrent.ThreadPoolExecutor$Worker.run(ThreadPoolExecutor.java:628)
	at java.base/java.lang.Thread.run(Thread.java:834)
java.sql.SQLException: ResultSet closed
	at org.sqlite.core.CoreResultSet.checkOpen(CoreResultSet.java:69)
	at org.sqlite.jdbc3.JDBC3ResultSet.findColumn(JDBC3ResultSet.java:38)
	at org.sqlite.jdbc3.JDBC3ResultSet.getString(JDBC3ResultSet.java:437)
	at banking.CardStore.checkIfRecordExistInDataBase(CardStore.java:211)
	at banking.BankSystem.isCardNumberUnique(BankSystem.java:111)
	at banking.BankSystem.incrementCardNumber(BankSystem.java:72)
	at banking.BankSystem.incrementCardNumber(BankSystem.java:75)
	at banking.BankSystem.incrementCardNumber(BankSystem.java:75)
	at banking.BankSystem.incrementCardNumber(BankSystem.java:75)
	at banking.BankSystem.incrementCardNumber(BankSystem.java:75)
	at banking.BankSystem.incrementCardNumber(BankSystem.java:75)
	at banking.BankSystem.incrementCardNumber(BankSystem.java:75)
	at banking.BankSystem.incrementCardNumber(BankSystem.java:75)
	at banking.BankSystem.incrementCardNumber(BankSystem.java:75)
	at banking.BankSystem.incrementCardNumber(BankSystem.java:75)
	at banking.BankSystem.incrementCardNumber(BankSystem.java:75)
	at banking.BankSystem.incrementCardNumber(BankSystem.java:75)
	at banking.BankSystem.incrementCardNumber(BankSystem.java:75)
	at banking.BankSystem.incrementCardNumber(BankSystem.java:75)
	at banking.BankSystem.incrementCardNumber(BankSystem.java:75)
	at banking.BankSystem.generateCardNumber(BankSystem.java:42)
	at banking.BankSystem.createAccount(BankSystem.java:29)
	at banking.UserController.onAccountCreateButtonClick(UserController.java:67)
	at banking.UserController.runMainMenu(UserController.java:21)
	at banking.Main.run(Main.java:15)
	at banking.Main.main(Main.java:6)
	at java.base/jdk.internal.reflect.NativeMethodAccessorImpl.invoke0(Native Method)
	at java.base/jdk.internal.reflect.NativeMethodAccessorImpl.invoke(NativeMethodAccessorImpl.java:62)
	at java.base/jdk.internal.reflect.DelegatingMethodAccessorImpl.invoke(DelegatingMethodAccessorImpl.java:43)
	at java.base/java.lang.reflect.Method.invoke(Method.java:566)
	at org.hyperskill.hstest.testing.execution.MainMethodExecutor.invokeMain(MainMethodExecutor.java:154)
	at org.hyperskill.hstest.testing.execution.MainMethodExecutor.lambda$launch$0(MainMethodExecutor.java:180)
	at java.base/java.util.concurrent.Executors$RunnableAdapter.call(Executors.java:515)
	at java.base/java.util.concurrent.FutureTask.run(FutureTask.java:264)
	at java.base/java.util.concurrent.ThreadPoolExecutor.runWorker(ThreadPoolExecutor.java:1128)
	at java.base/java.util.concurrent.ThreadPoolExecutor$Worker.run(ThreadPoolExecutor.java:628)
	at java.base/java.lang.Thread.run(Thread.java:834)
java.sql.SQLException: ResultSet closed
	at org.sqlite.core.CoreResultSet.checkOpen(CoreResultSet.java:69)
	at org.sqlite.jdbc3.JDBC3ResultSet.findColumn(JDBC3ResultSet.java:38)
	at org.sqlite.jdbc3.JDBC3ResultSet.getString(JDBC3ResultSet.java:437)
	at banking.CardStore.checkIfRecordExistInDataBase(CardStore.java:211)
	at banking.BankSystem.isCardNumberUnique(BankSystem.java:111)
	at banking.BankSystem.incrementCardNumber(BankSystem.java:72)
	at banking.BankSystem.incrementCardNumber(BankSystem.java:75)
	at banking.BankSystem.incrementCardNumber(BankSystem.java:75)
	at banking.BankSystem.incrementCardNumber(BankSystem.java:75)
	at banking.BankSystem.incrementCardNumber(BankSystem.java:75)
	at banking.BankSystem.incrementCardNumber(BankSystem.java:75)
	at banking.BankSystem.incrementCardNumber(BankSystem.java:75)
	at banking.BankSystem.incrementCardNumber(BankSystem.java:75)
	at banking.BankSystem.incrementCardNumber(BankSystem.java:75)
	at banking.BankSystem.incrementCardNumber(BankSystem.java:75)
	at banking.BankSystem.incrementCardNumber(BankSystem.java:75)
	at banking.BankSystem.incrementCardNumber(BankSystem.java:75)
	at banking.BankSystem.incrementCardNumber(BankSystem.java:75)
	at banking.BankSystem.incrementCardNumber(BankSystem.java:75)
	at banking.BankSystem.incrementCardNumber(BankSystem.java:75)
	at banking.BankSystem.incrementCardNumber(BankSystem.java:75)
	at banking.BankSystem.generateCardNumber(BankSystem.java:42)
	at banking.BankSystem.createAccount(BankSystem.java:29)
	at banking.UserController.onAccountCreateButtonClick(UserController.java:67)
	at banking.UserController.runMainMenu(UserController.java:21)
	at banking.Main.run(Main.java:15)
	at banking.Main.main(Main.java:6)
	at java.base/jdk.internal.reflect.NativeMethodAccessorImpl.invoke0(Native Method)
	at java.base/jdk.internal.reflect.NativeMethodAccessorImpl.invoke(NativeMethodAccessorImpl.java:62)
	at java.base/jdk.internal.reflect.DelegatingMethodAccessorImpl.invoke(DelegatingMethodAccessorImpl.java:43)
	at java.base/java.lang.reflect.Method.invoke(Method.java:566)
	at org.hyperskill.hstest.testing.execution.MainMethodExecutor.invokeMain(MainMethodExecutor.java:154)
	at org.hyperskill.hstest.testing.execution.MainMethodExecutor.lambda$launch$0(MainMethodExecutor.java:180)
	at java.base/java.util.concurrent.Executors$RunnableAdapter.call(Executors.java:515)
	at java.base/java.util.concurrent.FutureTask.run(FutureTask.java:264)
	at java.base/java.util.concurrent.ThreadPoolExecutor.runWorker(ThreadPoolExecutor.java:1128)
	at java.base/java.util.concurrent.ThreadPoolExecutor$Worker.run(ThreadPoolExecutor.java:628)
	at java.base/java.lang.Thread.run(Thread.java:834)
java.sql.SQLException: ResultSet closed
	at org.sqlite.core.CoreResultSet.checkOpen(CoreResultSet.java:69)
	at org.sqlite.jdbc3.JDBC3ResultSet.findColumn(JDBC3ResultSet.java:38)
	at org.sqlite.jdbc3.JDBC3ResultSet.getString(JDBC3ResultSet.java:437)
	at banking.CardStore.checkIfRecordExistInDataBase(CardStore.java:211)
	at banking.BankSystem.isCardNumberUnique(BankSystem.java:111)
	at banking.BankSystem.incrementCardNumber(BankSystem.java:72)
	at banking.BankSystem.incrementCardNumber(BankSystem.java:75)
	at banking.BankSystem.incrementCardNumber(BankSystem.java:75)
	at banking.BankSystem.incrementCardNumber(BankSystem.java:75)
	at banking.BankSystem.incrementCardNumber(BankSystem.java:75)
	at banking.BankSystem.incrementCardNumber(BankSystem.java:75)
	at banking.BankSystem.incrementCardNumber(BankSystem.java:75)
	at banking.BankSystem.incrementCardNumber(BankSystem.java:75)
	at banking.BankSystem.incrementCardNumber(BankSystem.java:75)
	at banking.BankSystem.incrementCardNumber(BankSystem.java:75)
	at banking.BankSystem.incrementCardNumber(BankSystem.java:75)
	at banking.BankSystem.incrementCardNumber(BankSystem.java:75)
	at banking.BankSystem.incrementCardNumber(BankSystem.java:75)
	at banking.BankSystem.incrementCardNumber(BankSystem.java:75)
	at banking.BankSystem.incrementCardNumber(BankSystem.java:75)
	at banking.BankSystem.incrementCardNumber(BankSystem.java:75)
	at banking.BankSystem.incrementCardNumber(BankSystem.java:75)
	at banking.BankSystem.generateCardNumber(BankSystem.java:42)
	at banking.BankSystem.createAccount(BankSystem.java:29)
	at banking.UserController.onAccountCreateButtonClick(UserController.java:67)
	at banking.UserController.runMainMenu(UserController.java:21)
	at banking.Main.run(Main.java:15)
	at banking.Main.main(Main.java:6)
	at java.base/jdk.internal.reflect.NativeMethodAccessorImpl.invoke0(Native Method)
	at java.base/jdk.internal.reflect.NativeMethodAccessorImpl.invoke(NativeMethodAccessorImpl.java:62)
	at java.base/jdk.internal.reflect.DelegatingMethodAccessorImpl.invoke(DelegatingMethodAccessorImpl.java:43)
	at java.base/java.lang.reflect.Method.invoke(Method.java:566)
	at org.hyperskill.hstest.testing.execution.MainMethodExecutor.invokeMain(MainMethodExecutor.java:154)
	at org.hyperskill.hstest.testing.execution.MainMethodExecutor.lambda$launch$0(MainMethodExecutor.java:180)
	at java.base/java.util.concurrent.Executors$RunnableAdapter.call(Executors.java:515)
	at java.base/java.util.concurrent.FutureTask.run(FutureTask.java:264)
	at java.base/java.util.concurrent.ThreadPoolExecutor.runWorker(ThreadPoolExecutor.java:1128)
	at java.base/java.util.concurrent.ThreadPoolExecutor$Worker.run(ThreadPoolExecutor.java:628)
	at java.base/java.lang.Thread.run(Thread.java:834)
java.sql.SQLException: ResultSet closed
	at org.sqlite.core.CoreResultSet.checkOpen(CoreResultSet.java:69)
	at org.sqlite.jdbc3.JDBC3ResultSet.findColumn(JDBC3ResultSet.java:38)
	at org.sqlite.jdbc3.JDBC3ResultSet.getString(JDBC3ResultSet.java:437)
	at banking.CardStore.checkIfRecordExistInDataBase(CardStore.java:211)
	at banking.BankSystem.isCardNumberUnique(BankSystem.java:111)
	at banking.BankSystem.incrementCardNumber(BankSystem.java:72)
	at banking.BankSystem.incrementCardNumber(BankSystem.java:75)
	at banking.BankSystem.incrementCardNumber(BankSystem.java:75)
	at banking.BankSystem.incrementCardNumber(BankSystem.java:75)
	at banking.BankSystem.incrementCardNumber(BankSystem.java:75)
	at banking.BankSystem.incrementCardNumber(BankSystem.java:75)
	at banking.BankSystem.incrementCardNumber(BankSystem.java:75)
	at banking.BankSystem.incrementCardNumber(BankSystem.java:75)
	at banking.BankSystem.incrementCardNumber(BankSystem.java:75)
	at banking.BankSystem.incrementCardNumber(BankSystem.java:75)
	at banking.BankSystem.incrementCardNumber(BankSystem.java:75)
	at banking.BankSystem.incrementCardNumber(BankSystem.java:75)
	at banking.BankSystem.incrementCardNumber(BankSystem.java:75)
	at banking.BankSystem.incrementCardNumber(BankSystem.java:75)
	at banking.BankSystem.incrementCardNumber(BankSystem.java:75)
	at banking.BankSystem.incrementCardNumber(BankSystem.java:75)
	at banking.BankSystem.incrementCardNumber(BankSystem.java:75)
	at banking.BankSystem.incrementCardNumber(BankSystem.java:75)
	at banking.BankSystem.generateCardNumber(BankSystem.java:42)
	at banking.BankSystem.createAccount(BankSystem.java:29)
	at banking.UserController.onAccountCreateButtonClick(UserController.java:67)
	at banking.UserController.runMainMenu(UserController.java:21)
	at banking.Main.run(Main.java:15)
	at banking.Main.main(Main.java:6)
	at java.base/jdk.internal.reflect.NativeMethodAccessorImpl.invoke0(Native Method)
	at java.base/jdk.internal.reflect.NativeMethodAccessorImpl.invoke(NativeMethodAccessorImpl.java:62)
	at java.base/jdk.internal.reflect.DelegatingMethodAccessorImpl.invoke(DelegatingMethodAccessorImpl.java:43)
	at java.base/java.lang.reflect.Method.invoke(Method.java:566)
	at org.hyperskill.hstest.testing.execution.MainMethodExecutor.invokeMain(MainMethodExecutor.java:154)
	at org.hyperskill.hstest.testing.execution.MainMethodExecutor.lambda$launch$0(MainMethodExecutor.java:180)
	at java.base/java.util.concurrent.Executors$RunnableAdapter.call(Executors.java:515)
	at java.base/java.util.concurrent.FutureTask.run(FutureTask.java:264)
	at java.base/java.util.concurrent.ThreadPoolExecutor.runWorker(ThreadPoolExecutor.java:1128)
	at java.base/java.util.concurrent.ThreadPoolExecutor$Worker.run(ThreadPoolExecutor.java:628)
	at java.base/java.lang.Thread.run(Thread.java:834)
java.sql.SQLException: ResultSet closed
	at org.sqlite.core.CoreResultSet.checkOpen(CoreResultSet.java:69)
	at org.sqlite.jdbc3.JDBC3ResultSet.findColumn(JDBC3ResultSet.java:38)
	at org.sqlite.jdbc3.JDBC3ResultSet.getString(JDBC3ResultSet.java:437)
	at banking.CardStore.checkIfRecordExistInDataBase(CardStore.java:211)
	at banking.BankSystem.isCardNumberUnique(BankSystem.java:111)
	at banking.BankSystem.incrementCardNumber(BankSystem.java:72)
	at banking.BankSystem.generateCardNumber(BankSystem.java:42)
	at banking.BankSystem.createAccount(BankSystem.java:29)
	at banking.UserController.onAccountCreateButtonClick(UserController.java:67)
	at banking.UserController.runMainMenu(UserController.java:21)
	at banking.Main.run(Main.java:15)
	at banking.Main.main(Main.java:6)
	at java.base/jdk.internal.reflect.NativeMethodAccessorImpl.invoke0(Native Method)
	at java.base/jdk.internal.reflect.NativeMethodAccessorImpl.invoke(NativeMethodAccessorImpl.java:62)
	at java.base/jdk.internal.reflect.DelegatingMethodAccessorImpl.invoke(DelegatingMethodAccessorImpl.java:43)
	at java.base/java.lang.reflect.Method.invoke(Method.java:566)
	at org.hyperskill.hstest.testing.execution.MainMethodExecutor.invokeMain(MainMethodExecutor.java:154)
	at org.hyperskill.hstest.testing.execution.MainMethodExecutor.lambda$launch$0(MainMethodExecutor.java:180)
	at java.base/java.util.concurrent.Executors$RunnableAdapter.call(Executors.java:515)
	at java.base/java.util.concurrent.FutureTask.run(FutureTask.java:264)
	at java.base/java.util.concurrent.ThreadPoolExecutor.runWorker(ThreadPoolExecutor.java:1128)
	at java.base/java.util.concurrent.ThreadPoolExecutor$Worker.run(ThreadPoolExecutor.java:628)
	at java.base/java.lang.Thread.run(Thread.java:834)
java.sql.SQLException: ResultSet closed
	at org.sqlite.core.CoreResultSet.checkOpen(CoreResultSet.java:69)
	at org.sqlite.jdbc3.JDBC3ResultSet.findColumn(JDBC3ResultSet.java:38)
	at org.sqlite.jdbc3.JDBC3ResultSet.getString(JDBC3ResultSet.java:437)
	at banking.CardStore.checkIfRecordExistInDataBase(CardStore.java:211)
	at banking.BankSystem.isCardNumberUnique(BankSystem.java:111)
	at banking.BankSystem.incrementCardNumber(BankSystem.java:72)
	at banking.BankSystem.incrementCardNumber(BankSystem.java:75)
	at banking.BankSystem.generateCardNumber(BankSystem.java:42)
	at banking.BankSystem.createAccount(BankSystem.java:29)
	at banking.UserController.onAccountCreateButtonClick(UserController.java:67)
	at banking.UserController.runMainMenu(UserController.java:21)
	at banking.Main.run(Main.java:15)
	at banking.Main.main(Main.java:6)
	at java.base/jdk.internal.reflect.NativeMethodAccessorImpl.invoke0(Native Method)
	at java.base/jdk.internal.reflect.NativeMethodAccessorImpl.invoke(NativeMethodAccessorImpl.java:62)
	at java.base/jdk.internal.reflect.DelegatingMethodAccessorImpl.invoke(DelegatingMethodAccessorImpl.java:43)
	at java.base/java.lang.reflect.Method.invoke(Method.java:566)
	at org.hyperskill.hstest.testing.execution.MainMethodExecutor.invokeMain(MainMethodExecutor.java:154)
	at org.hyperskill.hstest.testing.execution.MainMethodExecutor.lambda$launch$0(MainMethodExecutor.java:180)
	at java.base/java.util.concurrent.Executors$RunnableAdapter.call(Executors.java:515)
	at java.base/java.util.concurrent.FutureTask.run(FutureTask.java:264)
	at java.base/java.util.concurrent.ThreadPoolExecutor.runWorker(ThreadPoolExecutor.java:1128)
	at java.base/java.util.concurrent.ThreadPoolExecutor$Worker.run(ThreadPoolExecutor.java:628)
	at java.base/java.lang.Thread.run(Thread.java:834)
java.sql.SQLException: ResultSet closed
	at org.sqlite.core.CoreResultSet.checkOpen(CoreResultSet.java:69)
	at org.sqlite.jdbc3.JDBC3ResultSet.findColumn(JDBC3ResultSet.java:38)
	at org.sqlite.jdbc3.JDBC3ResultSet.getString(JDBC3ResultSet.java:437)
	at banking.CardStore.checkIfRecordExistInDataBase(CardStore.java:211)
	at banking.BankSystem.isCardNumberUnique(BankSystem.java:111)
	at banking.BankSystem.incrementCardNumber(BankSystem.java:72)
	at banking.BankSystem.incrementCardNumber(BankSystem.java:75)
	at banking.BankSystem.incrementCardNumber(BankSystem.java:75)
	at banking.BankSystem.generateCardNumber(BankSystem.java:42)
	at banking.BankSystem.createAccount(BankSystem.java:29)
	at banking.UserController.onAccountCreateButtonClick(UserController.java:67)
	at banking.UserController.runMainMenu(UserController.java:21)
	at banking.Main.run(Main.java:15)
	at banking.Main.main(Main.java:6)
	at java.base/jdk.internal.reflect.NativeMethodAccessorImpl.invoke0(Native Method)
	at java.base/jdk.internal.reflect.NativeMethodAccessorImpl.invoke(NativeMethodAccessorImpl.java:62)
	at java.base/jdk.internal.reflect.DelegatingMethodAccessorImpl.invoke(DelegatingMethodAccessorImpl.java:43)
	at java.base/java.lang.reflect.Method.invoke(Method.java:566)
	at org.hyperskill.hstest.testing.execution.MainMethodExecutor.invokeMain(MainMethodExecutor.java:154)
	at org.hyperskill.hstest.testing.execution.MainMethodExecutor.lambda$launch$0(MainMethodExecutor.java:180)
	at java.base/java.util.concurrent.Executors$RunnableAdapter.call(Executors.java:515)
	at java.base/java.util.concurrent.FutureTask.run(FutureTask.java:264)
	at java.base/java.util.concurrent.ThreadPoolExecutor.runWorker(ThreadPoolExecutor.java:1128)
	at java.base/java.util.concurrent.ThreadPoolExecutor$Worker.run(ThreadPoolExecutor.java:628)
	at java.base/java.lang.Thread.run(Thread.java:834)
java.sql.SQLException: ResultSet closed
	at org.sqlite.core.CoreResultSet.checkOpen(CoreResultSet.java:69)
	at org.sqlite.jdbc3.JDBC3ResultSet.findColumn(JDBC3ResultSet.java:38)
	at org.sqlite.jdbc3.JDBC3ResultSet.getString(JDBC3ResultSet.java:437)
	at banking.CardStore.checkIfRecordExistInDataBase(CardStore.java:211)
	at banking.BankSystem.isCardNumberUnique(BankSystem.java:111)
	at banking.BankSystem.incrementCardNumber(BankSystem.java:72)
	at banking.BankSystem.incrementCardNumber(BankSystem.java:75)
	at banking.BankSystem.incrementCardNumber(BankSystem.java:75)
	at banking.BankSystem.incrementCardNumber(BankSystem.java:75)
	at banking.BankSystem.generateCardNumber(BankSystem.java:42)
	at banking.BankSystem.createAccount(BankSystem.java:29)
	at banking.UserController.onAccountCreateButtonClick(UserController.java:67)
	at banking.UserController.runMainMenu(UserController.java:21)
	at banking.Main.run(Main.java:15)
	at banking.Main.main(Main.java:6)
	at java.base/jdk.internal.reflect.NativeMethodAccessorImpl.invoke0(Native Method)
	at java.base/jdk.internal.reflect.NativeMethodAccessorImpl.invoke(NativeMethodAccessorImpl.java:62)
	at java.base/jdk.internal.reflect.DelegatingMethodAccessorImpl.invoke(DelegatingMethodAccessorImpl.java:43)
	at java.base/java.lang.reflect.Method.invoke(Method.java:566)
	at org.hyperskill.hstest.testing.execution.MainMethodExecutor.invokeMain(MainMethodExecutor.java:154)
	at org.hyperskill.hstest.testing.execution.MainMethodExecutor.lambda$launch$0(MainMethodExecutor.java:180)
	at java.base/java.util.concurrent.Executors$RunnableAdapter.call(Executors.java:515)
	at java.base/java.util.concurrent.FutureTask.run(FutureTask.java:264)
	at java.base/java.util.concurrent.ThreadPoolExecutor.runWorker(ThreadPoolExecutor.java:1128)
	at java.base/java.util.concurrent.ThreadPoolExecutor$Worker.run(ThreadPoolExecutor.java:628)
	at java.base/java.lang.Thread.run(Thread.java:834)
java.sql.SQLException: ResultSet closed
	at org.sqlite.core.CoreResultSet.checkOpen(CoreResultSet.java:69)
	at org.sqlite.jdbc3.JDBC3ResultSet.findColumn(JDBC3ResultSet.java:38)
	at org.sqlite.jdbc3.JDBC3ResultSet.getString(JDBC3ResultSet.java:437)
	at banking.CardStore.checkIfRecordExistInDataBase(CardStore.java:211)
	at banking.BankSystem.isCardNumberUnique(BankSystem.java:111)
	at banking.BankSystem.incrementCardNumber(BankSystem.java:72)
	at banking.BankSystem.incrementCardNumber(BankSystem.java:75)
	at banking.BankSystem.incrementCardNumber(BankSystem.java:75)
	at banking.BankSystem.incrementCardNumber(BankSystem.java:75)
	at banking.BankSystem.incrementCardNumber(BankSystem.java:75)
	at banking.BankSystem.generateCardNumber(BankSystem.java:42)
	at banking.BankSystem.createAccount(BankSystem.java:29)
	at banking.UserController.onAccountCreateButtonClick(UserController.java:67)
	at banking.UserController.runMainMenu(UserController.java:21)
	at banking.Main.run(Main.java:15)
	at banking.Main.main(Main.java:6)
	at java.base/jdk.internal.reflect.NativeMethodAccessorImpl.invoke0(Native Method)
	at java.base/jdk.internal.reflect.NativeMethodAccessorImpl.invoke(NativeMethodAccessorImpl.java:62)
	at java.base/jdk.internal.reflect.DelegatingMethodAccessorImpl.invoke(DelegatingMethodAccessorImpl.java:43)
	at java.base/java.lang.reflect.Method.invoke(Method.java:566)
	at org.hyperskill.hstest.testing.execution.MainMethodExecutor.invokeMain(MainMethodExecutor.java:154)
	at org.hyperskill.hstest.testing.execution.MainMethodExecutor.lambda$launch$0(MainMethodExecutor.java:180)
	at java.base/java.util.concurrent.Executors$RunnableAdapter.call(Executors.java:515)
	at java.base/java.util.concurrent.FutureTask.run(FutureTask.java:264)
	at java.base/java.util.concurrent.ThreadPoolExecutor.runWorker(ThreadPoolExecutor.java:1128)
	at java.base/java.util.concurrent.ThreadPoolExecutor$Worker.run(ThreadPoolExecutor.java:628)
	at java.base/java.lang.Thread.run(Thread.java:834)
java.sql.SQLException: ResultSet closed
	at org.sqlite.core.CoreResultSet.checkOpen(CoreResultSet.java:69)
	at org.sqlite.jdbc3.JDBC3ResultSet.findColumn(JDBC3ResultSet.java:38)
	at org.sqlite.jdbc3.JDBC3ResultSet.getString(JDBC3ResultSet.java:437)
	at banking.CardStore.checkIfRecordExistInDataBase(CardStore.java:211)
	at banking.BankSystem.isCardNumberUnique(BankSystem.java:111)
	at banking.BankSystem.incrementCardNumber(BankSystem.java:72)
	at banking.BankSystem.incrementCardNumber(BankSystem.java:75)
	at banking.BankSystem.incrementCardNumber(BankSystem.java:75)
	at banking.BankSystem.incrementCardNumber(BankSystem.java:75)
	at banking.BankSystem.incrementCardNumber(BankSystem.java:75)
	at banking.BankSystem.incrementCardNumber(BankSystem.java:75)
	at banking.BankSystem.generateCardNumber(BankSystem.java:42)
	at banking.BankSystem.createAccount(BankSystem.java:29)
	at banking.UserController.onAccountCreateButtonClick(UserController.java:67)
	at banking.UserController.runMainMenu(UserController.java:21)
	at banking.Main.run(Main.java:15)
	at banking.Main.main(Main.java:6)
	at java.base/jdk.internal.reflect.NativeMethodAccessorImpl.invoke0(Native Method)
	at java.base/jdk.internal.reflect.NativeMethodAccessorImpl.invoke(NativeMethodAccessorImpl.java:62)
	at java.base/jdk.internal.reflect.DelegatingMethodAccessorImpl.invoke(DelegatingMethodAccessorImpl.java:43)
	at java.base/java.lang.reflect.Method.invoke(Method.java:566)
	at org.hyperskill.hstest.testing.execution.MainMethodExecutor.invokeMain(MainMethodExecutor.java:154)
	at org.hyperskill.hstest.testing.execution.MainMethodExecutor.lambda$launch$0(MainMethodExecutor.java:180)
	at java.base/java.util.concurrent.Executors$RunnableAdapter.call(Executors.java:515)
	at java.base/java.util.concurrent.FutureTask.run(FutureTask.java:264)
	at java.base/java.util.concurrent.ThreadPoolExecutor.runWorker(ThreadPoolExecutor.java:1128)
	at java.base/java.util.concurrent.ThreadPoolExecutor$Worker.run(ThreadPoolExecutor.java:628)
	at java.base/java.lang.Thread.run(Thread.java:834)
java.sql.SQLException: ResultSet closed
	at org.sqlite.core.CoreResultSet.checkOpen(CoreResultSet.java:69)
	at org.sqlite.jdbc3.JDBC3ResultSet.findColumn(JDBC3ResultSet.java:38)
	at org.sqlite.jdbc3.JDBC3ResultSet.getString(JDBC3ResultSet.java:437)
	at banking.CardStore.checkIfRecordExistInDataBase(CardStore.java:211)
	at banking.BankSystem.isCardNumberUnique(BankSystem.java:111)
	at banking.BankSystem.incrementCardNumber(BankSystem.java:72)
	at banking.BankSystem.incrementCardNumber(BankSystem.java:75)
	at banking.BankSystem.incrementCardNumber(BankSystem.java:75)
	at banking.BankSystem.incrementCardNumber(BankSystem.java:75)
	at banking.BankSystem.incrementCardNumber(BankSystem.java:75)
	at banking.BankSystem.incrementCardNumber(BankSystem.java:75)
	at banking.BankSystem.incrementCardNumber(BankSystem.java:75)
	at banking.BankSystem.generateCardNumber(BankSystem.java:42)
[...]
	at banking.UserController.onAccountCreateButtonClick(UserController.java:67)
	at banking.UserController.runMainMenu(UserController.java:21)
	at banking.Main.run(Main.java:15)
	at banking.Main.main(Main.java:6)
	at java.base/jdk.internal.reflect.NativeMethodAccessorImpl.invoke0(Native Method)
	at java.base/jdk.internal.reflect.NativeMethodAccessorImpl.invoke(NativeMethodAccessorImpl.java:62)
	at java.base/jdk.internal.reflect.DelegatingMethodAccessorImpl.invoke(DelegatingMethodAccessorImpl.java:43)
	at java.base/java.lang.reflect.Method.invoke(Method.java:566)
	at org.hyperskill.hstest.testing.execution.MainMethodExecutor.invokeMain(MainMethodExecutor.java:154)
	at org.hyperskill.hstest.testing.execution.MainMethodExecutor.lambda$launch$0(MainMethodExecutor.java:180)
	at java.base/java.util.concurrent.Executors$RunnableAdapter.call(Executors.java:515)
	at java.base/java.util.concurrent.FutureTask.run(FutureTask.java:264)
	at java.base/java.util.concurrent.ThreadPoolExecutor.runWorker(ThreadPoolExecutor.java:1128)
	at java.base/java.util.concurrent.ThreadPoolExecutor$Worker.run(ThreadPoolExecutor.java:628)
	at java.base/java.lang.Thread.run(Thread.java:834)
java.sql.SQLException: ResultSet closed
	at org.sqlite.core.CoreResultSet.checkOpen(CoreResultSet.java:69)
	at org.sqlite.jdbc3.JDBC3ResultSet.findColumn(JDBC3ResultSet.java:38)
	at org.sqlite.jdbc3.JDBC3ResultSet.getString(JDBC3ResultSet.java:437)
	at banking.CardStore.checkIfRecordExistInDataBase(CardStore.java:211)
	at banking.BankSystem.isCardNumberUnique(BankSystem.java:111)
	at banking.BankSystem.incrementCardNumber(BankSystem.java:72)
	at banking.BankSystem.incrementCardNumber(BankSystem.java:75)
	at banking.BankSystem.incrementCardNumber(BankSystem.java:75)
	at banking.BankSystem.generateCardNumber(BankSystem.java:42)
	at banking.BankSystem.createAccount(BankSystem.java:29)
	at banking.UserController.onAccountCreateButtonClick(UserController.java:67)
	at banking.UserController.runMainMenu(UserController.java:21)
	at banking.Main.run(Main.java:15)
	at banking.Main.main(Main.java:6)
	at java.base/jdk.internal.reflect.NativeMethodAccessorImpl.invoke0(Native Method)
	at java.base/jdk.internal.reflect.NativeMethodAccessorImpl.invoke(NativeMethodAccessorImpl.java:62)
	at java.base/jdk.internal.reflect.DelegatingMethodAccessorImpl.invoke(DelegatingMethodAccessorImpl.java:43)
	at java.base/java.lang.reflect.Method.invoke(Method.java:566)
	at org.hyperskill.hstest.testing.execution.MainMethodExecutor.invokeMain(MainMethodExecutor.java:154)
	at org.hyperskill.hstest.testing.execution.MainMethodExecutor.lambda$launch$0(MainMethodExecutor.java:180)
	at java.base/java.util.concurrent.Executors$RunnableAdapter.call(Executors.java:515)
	at java.base/java.util.concurrent.FutureTask.run(FutureTask.java:264)
	at java.base/java.util.concurrent.ThreadPoolExecutor.runWorker(ThreadPoolExecutor.java:1128)
	at java.base/java.util.concurrent.ThreadPoolExecutor$Worker.run(ThreadPoolExecutor.java:628)
	at java.base/java.lang.Thread.run(Thread.java:834)
java.sql.SQLException: ResultSet closed
	at org.sqlite.core.CoreResultSet.checkOpen(CoreResultSet.java:69)
	at org.sqlite.jdbc3.JDBC3ResultSet.findColumn(JDBC3ResultSet.java:38)
	at org.sqlite.jdbc3.JDBC3ResultSet.getString(JDBC3ResultSet.java:437)
	at banking.CardStore.checkIfRecordExistInDataBase(CardStore.java:211)
	at banking.BankSystem.isCardNumberUnique(BankSystem.java:111)
	at banking.BankSystem.incrementCardNumber(BankSystem.java:72)
	at banking.BankSystem.incrementCardNumber(BankSystem.java:75)
	at banking.BankSystem.incrementCardNumber(BankSystem.java:75)
	at banking.BankSystem.incrementCardNumber(BankSystem.java:75)
	at banking.BankSystem.generateCardNumber(BankSystem.java:42)
	at banking.BankSystem.createAccount(BankSystem.java:29)
	at banking.UserController.onAccountCreateButtonClick(UserController.java:67)
	at banking.UserController.runMainMenu(UserController.java:21)
	at banking.Main.run(Main.java:15)
	at banking.Main.main(Main.java:6)
	at java.base/jdk.internal.reflect.NativeMethodAccessorImpl.invoke0(Native Method)
	at java.base/jdk.internal.reflect.NativeMethodAccessorImpl.invoke(NativeMethodAccessorImpl.java:62)
	at java.base/jdk.internal.reflect.DelegatingMethodAccessorImpl.invoke(DelegatingMethodAccessorImpl.java:43)
	at java.base/java.lang.reflect.Method.invoke(Method.java:566)
	at org.hyperskill.hstest.testing.execution.MainMethodExecutor.invokeMain(MainMethodExecutor.java:154)
	at org.hyperskill.hstest.testing.execution.MainMethodExecutor.lambda$launch$0(MainMethodExecutor.java:180)
	at java.base/java.util.concurrent.Executors$RunnableAdapter.call(Executors.java:515)
	at java.base/java.util.concurrent.FutureTask.run(FutureTask.java:264)
	at java.base/java.util.concurrent.ThreadPoolExecutor.runWorker(ThreadPoolExecutor.java:1128)
	at java.base/java.util.concurrent.ThreadPoolExecutor$Worker.run(ThreadPoolExecutor.java:628)
	at java.base/java.lang.Thread.run(Thread.java:834)
java.sql.SQLException: ResultSet closed
	at org.sqlite.core.CoreResultSet.checkOpen(CoreResultSet.java:69)
	at org.sqlite.jdbc3.JDBC3ResultSet.findColumn(JDBC3ResultSet.java:38)
	at org.sqlite.jdbc3.JDBC3ResultSet.getString(JDBC3ResultSet.java:437)
	at banking.CardStore.checkIfRecordExistInDataBase(CardStore.java:211)
	at banking.BankSystem.isCardNumberUnique(BankSystem.java:111)
	at banking.BankSystem.incrementCardNumber(BankSystem.java:72)
	at banking.BankSystem.incrementCardNumber(BankSystem.java:75)
	at banking.BankSystem.incrementCardNumber(BankSystem.java:75)
	at banking.BankSystem.incrementCardNumber(BankSystem.java:75)
	at banking.BankSystem.incrementCardNumber(BankSystem.java:75)
	at banking.BankSystem.generateCardNumber(BankSystem.java:42)
	at banking.BankSystem.createAccount(BankSystem.java:29)
	at banking.UserController.onAccountCreateButtonClick(UserController.java:67)
	at banking.UserController.runMainMenu(UserController.java:21)
	at banking.Main.run(Main.java:15)
	at banking.Main.main(Main.java:6)
	at java.base/jdk.internal.reflect.NativeMethodAccessorImpl.invoke0(Native Method)
	at java.base/jdk.internal.reflect.NativeMethodAccessorImpl.invoke(NativeMethodAccessorImpl.java:62)
	at java.base/jdk.internal.reflect.DelegatingMethodAccessorImpl.invoke(DelegatingMethodAccessorImpl.java:43)
	at java.base/java.lang.reflect.Method.invoke(Method.java:566)
	at org.hyperskill.hstest.testing.execution.MainMethodExecutor.invokeMain(MainMethodExecutor.java:154)
	at org.hyperskill.hstest.testing.execution.MainMethodExecutor.lambda$launch$0(MainMethodExecutor.java:180)
	at java.base/java.util.concurrent.Executors$RunnableAdapter.call(Executors.java:515)
	at java.base/java.util.concurrent.FutureTask.run(FutureTask.java:264)
	at java.base/java.util.concurrent.ThreadPoolExecutor.runWorker(ThreadPoolExecutor.java:1128)
	at java.base/java.util.concurrent.ThreadPoolExecutor$Worker.run(ThreadPoolExecutor.java:628)
	at java.base/java.lang.Thread.run(Thread.java:834)
java.sql.SQLException: ResultSet closed
	at org.sqlite.core.CoreResultSet.checkOpen(CoreResultSet.java:69)
	at org.sqlite.jdbc3.JDBC3ResultSet.findColumn(JDBC3ResultSet.java:38)
	at org.sqlite.jdbc3.JDBC3ResultSet.getString(JDBC3ResultSet.java:437)
	at banking.CardStore.checkIfRecordExistInDataBase(CardStore.java:211)
	at banking.BankSystem.isCardNumberUnique(BankSystem.java:111)
	at banking.BankSystem.incrementCardNumber(BankSystem.java:72)
	at banking.BankSystem.incrementCardNumber(BankSystem.java:75)
	at banking.BankSystem.incrementCardNumber(BankSystem.java:75)
	at banking.BankSystem.incrementCardNumber(BankSystem.java:75)
	at banking.BankSystem.incrementCardNumber(BankSystem.java:75)
	at banking.BankSystem.incrementCardNumber(BankSystem.java:75)
	at banking.BankSystem.generateCardNumber(BankSystem.java:42)
	at banking.BankSystem.createAccount(BankSystem.java:29)
	at banking.UserController.onAccountCreateButtonClick(UserController.java:67)
	at banking.UserController.runMainMenu(UserController.java:21)
	at banking.Main.run(Main.java:15)
	at banking.Main.main(Main.java:6)
	at java.base/jdk.internal.reflect.NativeMethodAccessorImpl.invoke0(Native Method)
	at java.base/jdk.internal.reflect.NativeMethodAccessorImpl.invoke(NativeMethodAccessorImpl.java:62)
	at java.base/jdk.internal.reflect.DelegatingMethodAccessorImpl.invoke(DelegatingMethodAccessorImpl.java:43)
	at java.base/java.lang.reflect.Method.invoke(Method.java:566)
	at org.hyperskill.hstest.testing.execution.MainMethodExecutor.invokeMain(MainMethodExecutor.java:154)
	at org.hyperskill.hstest.testing.execution.MainMethodExecutor.lambda$launch$0(MainMethodExecutor.java:180)
	at java.base/java.util.concurrent.Executors$RunnableAdapter.call(Executors.java:515)
	at java.base/java.util.concurrent.FutureTask.run(FutureTask.java:264)
	at java.base/java.util.concurrent.ThreadPoolExecutor.runWorker(ThreadPoolExecutor.java:1128)
	at java.base/java.util.concurrent.ThreadPoolExecutor$Worker.run(ThreadPoolExecutor.java:628)
	at java.base/java.lang.Thread.run(Thread.java:834)
java.sql.SQLException: ResultSet closed
	at org.sqlite.core.CoreResultSet.checkOpen(CoreResultSet.java:69)
	at org.sqlite.jdbc3.JDBC3ResultSet.findColumn(JDBC3ResultSet.java:38)
	at org.sqlite.jdbc3.JDBC3ResultSet.getString(JDBC3ResultSet.java:437)
	at banking.CardStore.checkIfRecordExistInDataBase(CardStore.java:211)
	at banking.BankSystem.isCardNumberUnique(BankSystem.java:111)
	at banking.BankSystem.incrementCardNumber(BankSystem.java:72)
	at banking.BankSystem.incrementCardNumber(BankSystem.java:75)
	at banking.BankSystem.incrementCardNumber(BankSystem.java:75)
	at banking.BankSystem.incrementCardNumber(BankSystem.java:75)
	at banking.BankSystem.incrementCardNumber(BankSystem.java:75)
	at banking.BankSystem.incrementCardNumber(BankSystem.java:75)
	at banking.BankSystem.incrementCardNumber(BankSystem.java:75)
	at banking.BankSystem.generateCardNumber(BankSystem.java:42)
	at banking.BankSystem.createAccount(BankSystem.java:29)
	at banking.UserController.onAccountCreateButtonClick(UserController.java:67)
	at banking.UserController.runMainMenu(UserController.java:21)
	at banking.Main.run(Main.java:15)
	at banking.Main.main(Main.java:6)
	at java.base/jdk.internal.reflect.NativeMethodAccessorImpl.invoke0(Native Method)
	at java.base/jdk.internal.reflect.NativeMethodAccessorImpl.invoke(NativeMethodAccessorImpl.java:62)
	at java.base/jdk.internal.reflect.DelegatingMethodAccessorImpl.invoke(DelegatingMethodAccessorImpl.java:43)
	at java.base/java.lang.reflect.Method.invoke(Method.java:566)
	at org.hyperskill.hstest.testing.execution.MainMethodExecutor.invokeMain(MainMethodExecutor.java:154)
	at org.hyperskill.hstest.testing.execution.MainMethodExecutor.lambda$launch$0(MainMethodExecutor.java:180)
	at java.base/java.util.concurrent.Executors$RunnableAdapter.call(Executors.java:515)
	at java.base/java.util.concurrent.FutureTask.run(FutureTask.java:264)
	at java.base/java.util.concurrent.ThreadPoolExecutor.runWorker(ThreadPoolExecutor.java:1128)
	at java.base/java.util.concurrent.ThreadPoolExecutor$Worker.run(ThreadPoolExecutor.java:628)
	at java.base/java.lang.Thread.run(Thread.java:834)
java.sql.SQLException: ResultSet closed
	at org.sqlite.core.CoreResultSet.checkOpen(CoreResultSet.java:69)
	at org.sqlite.jdbc3.JDBC3ResultSet.findColumn(JDBC3ResultSet.java:38)
	at org.sqlite.jdbc3.JDBC3ResultSet.getString(JDBC3ResultSet.java:437)
	at banking.CardStore.checkIfRecordExistInDataBase(CardStore.java:211)
	at banking.BankSystem.isCardNumberUnique(BankSystem.java:111)
	at banking.BankSystem.incrementCardNumber(BankSystem.java:72)
	at banking.BankSystem.incrementCardNumber(BankSystem.java:75)
	at banking.BankSystem.incrementCardNumber(BankSystem.java:75)
	at banking.BankSystem.incrementCardNumber(BankSystem.java:75)
	at banking.BankSystem.incrementCardNumber(BankSystem.java:75)
	at banking.BankSystem.incrementCardNumber(BankSystem.java:75)
	at banking.BankSystem.incrementCardNumber(BankSystem.java:75)
	at banking.BankSystem.incrementCardNumber(BankSystem.java:75)
	at banking.BankSystem.generateCardNumber(BankSystem.java:42)
	at banking.BankSystem.createAccount(BankSystem.java:29)
	at banking.UserController.onAccountCreateButtonClick(UserController.java:67)
	at banking.UserController.runMainMenu(UserController.java:21)
	at banking.Main.run(Main.java:15)
	at banking.Main.main(Main.java:6)
	at java.base/jdk.internal.reflect.NativeMethodAccessorImpl.invoke0(Native Method)
	at java.base/jdk.internal.reflect.NativeMethodAccessorImpl.invoke(NativeMethodAccessorImpl.java:62)
	at java.base/jdk.internal.reflect.DelegatingMethodAccessorImpl.invoke(DelegatingMethodAccessorImpl.java:43)
	at java.base/java.lang.reflect.Method.invoke(Method.java:566)
	at org.hyperskill.hstest.testing.execution.MainMethodExecutor.invokeMain(MainMethodExecutor.java:154)
	at org.hyperskill.hstest.testing.execution.MainMethodExecutor.lambda$launch$0(MainMethodExecutor.java:180)
	at java.base/java.util.concurrent.Executors$RunnableAdapter.call(Executors.java:515)
	at java.base/java.util.concurrent.FutureTask.run(FutureTask.java:264)
	at java.base/java.util.concurrent.ThreadPoolExecutor.runWorker(ThreadPoolExecutor.java:1128)
	at java.base/java.util.concurrent.ThreadPoolExecutor$Worker.run(ThreadPoolExecutor.java:628)
	at java.base/java.lang.Thread.run(Thread.java:834)
java.sql.SQLException: ResultSet closed
	at org.sqlite.core.CoreResultSet.checkOpen(CoreResultSet.java:69)
	at org.sqlite.jdbc3.JDBC3ResultSet.findColumn(JDBC3ResultSet.java:38)
	at org.sqlite.jdbc3.JDBC3ResultSet.getString(JDBC3ResultSet.java:437)
	at banking.CardStore.checkIfRecordExistInDataBase(CardStore.java:211)
	at banking.UserController.onDoTransferButtonClick(UserController.java:110)
	at banking.UserController.runAccountMenu(UserController.java:49)
	at banking.UserController.onAccountLoginButtonClick(UserController.java:83)
	at banking.UserController.runMainMenu(UserController.java:24)
	at banking.Main.run(Main.java:15)
	at banking.Main.main(Main.java:6)
	at java.base/jdk.internal.reflect.NativeMethodAccessorImpl.invoke0(Native Method)
	at java.base/jdk.internal.reflect.NativeMethodAccessorImpl.invoke(NativeMethodAccessorImpl.java:62)
	at java.base/jdk.internal.reflect.DelegatingMethodAccessorImpl.invoke(DelegatingMethodAccessorImpl.java:43)
	at java.base/java.lang.reflect.Method.invoke(Method.java:566)
	at org.hyperskill.hstest.testing.execution.MainMethodExecutor.invokeMain(MainMethodExecutor.java:154)
	at org.hyperskill.hstest.testing.execution.MainMethodExecutor.lambda$launch$0(MainMethodExecutor.java:180)
	at java.base/java.util.concurrent.Executors$RunnableAdapter.call(Executors.java:515)
	at java.base/java.util.concurrent.FutureTask.run(FutureTask.java:264)
	at java.base/java.util.concurrent.ThreadPoolExecutor.runWorker(ThreadPoolExecutor.java:1128)
	at java.base/java.util.concurrent.ThreadPoolExecutor$Worker.run(ThreadPoolExecutor.java:628)
	at java.base/java.lang.Thread.run(Thread.java:834)
java.sql.SQLException: ResultSet closed
	at org.sqlite.core.CoreResultSet.checkOpen(CoreResultSet.java:69)
	at org.sqlite.jdbc3.JDBC3ResultSet.findColumn(JDBC3ResultSet.java:38)
	at org.sqlite.jdbc3.JDBC3ResultSet.getString(JDBC3ResultSet.java:437)
	at banking.CardStore.checkIfRecordExistInDataBase(CardStore.java:211)
	at banking.CardStore.checkOrCreateCardTable(CardStore.java:137)
	at banking.BankSystem.<init>(BankSystem.java:19)
	at banking.Main.run(Main.java:11)
	at banking.Main.main(Main.java:6)
	at java.base/jdk.internal.reflect.NativeMethodAccessorImpl.invoke0(Native Method)
	at java.base/jdk.internal.reflect.NativeMethodAccessorImpl.invoke(NativeMethodAccessorImpl.java:62)
	at java.base/jdk.internal.reflect.DelegatingMethodAccessorImpl.invoke(DelegatingMethodAccessorImpl.java:43)
	at java.base/java.lang.reflect.Method.invoke(Method.java:566)
	at org.hyperskill.hstest.testing.execution.MainMethodExecutor.invokeMain(MainMethodExecutor.java:154)
	at org.hyperskill.hstest.testing.execution.MainMethodExecutor.lambda$launch$0(MainMethodExecutor.java:180)
	at java.base/java.util.concurrent.Executors$RunnableAdapter.call(Executors.java:515)
	at java.base/java.util.concurrent.FutureTask.run(FutureTask.java:264)
	at java.base/java.util.concurrent.ThreadPoolExecutor.runWorker(ThreadPoolExecutor.java:1128)
	at java.base/java.util.concurrent.ThreadPoolExecutor$Worker.run(ThreadPoolExecutor.java:628)
	at java.base/java.lang.Thread.run(Thread.java:834)
java.sql.SQLException: ResultSet closed
	at org.sqlite.core.CoreResultSet.checkOpen(CoreResultSet.java:69)
	at org.sqlite.jdbc3.JDBC3ResultSet.findColumn(JDBC3ResultSet.java:38)
	at org.sqlite.jdbc3.JDBC3ResultSet.getString(JDBC3ResultSet.java:437)
	at banking.CardStore.checkIfRecordExistInDataBase(CardStore.java:211)
	at banking.BankSystem.isCardNumberUnique(BankSystem.java:111)
	at banking.BankSystem.incrementCardNumber(BankSystem.java:72)
	at banking.BankSystem.generateCardNumber(BankSystem.java:42)
	at banking.BankSystem.createAccount(BankSystem.java:29)
	at banking.UserController.onAccountCreateButtonClick(UserController.java:67)
	at banking.UserController.runMainMenu(UserController.java:21)
	at banking.Main.run(Main.java:15)
	at banking.Main.main(Main.java:6)
	at java.base/jdk.internal.reflect.NativeMethodAccessorImpl.invoke0(Native Method)
	at java.base/jdk.internal.reflect.NativeMethodAccessorImpl.invoke(NativeMethodAccessorImpl.java:62)
	at java.base/jdk.internal.reflect.DelegatingMethodAccessorImpl.invoke(DelegatingMethodAccessorImpl.java:43)
	at java.base/java.lang.reflect.Method.invoke(Method.java:566)
	at org.hyperskill.hstest.testing.execution.MainMethodExecutor.invokeMain(MainMethodExecutor.java:154)
	at org.hyperskill.hstest.testing.execution.MainMethodExecutor.lambda$launch$0(MainMethodExecutor.java:180)
	at java.base/java.util.concurrent.Executors$RunnableAdapter.call(Executors.java:515)
	at java.base/java.util.concurrent.FutureTask.run(FutureTask.java:264)
	at java.base/java.util.concurrent.ThreadPoolExecutor.runWorker(ThreadPoolExecutor.java:1128)
	at java.base/java.util.concurrent.ThreadPoolExecutor$Worker.run(ThreadPoolExecutor.java:628)
	at java.base/java.lang.Thread.run(Thread.java:834)
java.sql.SQLException: ResultSet closed
	at org.sqlite.core.CoreResultSet.checkOpen(CoreResultSet.java:69)
	at org.sqlite.jdbc3.JDBC3ResultSet.findColumn(JDBC3ResultSet.java:38)
	at org.sqlite.jdbc3.JDBC3ResultSet.getString(JDBC3ResultSet.java:437)
	at banking.CardStore.checkIfRecordExistInDataBase(CardStore.java:211)
	at banking.BankSystem.isCardNumberUnique(BankSystem.java:111)
	at banking.BankSystem.incrementCardNumber(BankSystem.java:72)
	at banking.BankSystem.incrementCardNumber(BankSystem.java:75)
	at banking.BankSystem.generateCardNumber(BankSystem.java:42)
	at banking.BankSystem.createAccount(BankSystem.java:29)
	at banking.UserController.onAccountCreateButtonClick(UserController.java:67)
	at banking.UserController.runMainMenu(UserController.java:21)
	at banking.Main.run(Main.java:15)
	at banking.Main.main(Main.java:6)
	at java.base/jdk.internal.reflect.NativeMethodAccessorImpl.invoke0(Native Method)
	at java.base/jdk.internal.reflect.NativeMethodAccessorImpl.invoke(NativeMethodAccessorImpl.java:62)
	at java.base/jdk.internal.reflect.DelegatingMethodAccessorImpl.invoke(DelegatingMethodAccessorImpl.java:43)
	at java.base/java.lang.reflect.Method.invoke(Method.java:566)
	at org.hyperskill.hstest.testing.execution.MainMethodExecutor.invokeMain(MainMethodExecutor.java:154)
	at org.hyperskill.hstest.testing.execution.MainMethodExecutor.lambda$launch$0(MainMethodExecutor.java:180)
	at java.base/java.util.concurrent.Executors$RunnableAdapter.call(Executors.java:515)
	at java.base/java.util.concurrent.FutureTask.run(FutureTask.java:264)
	at java.base/java.util.concurrent.ThreadPoolExecutor.runWorker(ThreadPoolExecutor.java:1128)
	at java.base/java.util.concurrent.ThreadPoolExecutor$Worker.run(ThreadPoolExecutor.java:628)
	at java.base/java.lang.Thread.run(Thread.java:834)
]]></system-err>
</testsuite>
